2025-07-25 01:49:34.700 [AIOT-BE] INFO: 🚀 Winston Logger initialized {"environment":"development","logLevel":"debug","consoleOutput":true,"fileOutput":true,"logDirectory":"/app/be/logs"}
2025-07-25 01:49:34.702 [AIOT-BE] INFO: ProgressService initialized with periodic cleanup every 5 minutes
2025-07-25 02:37:49.885 [AIOT-BE] INFO: 🚀 Winston Logger initialized {"environment":"development","logLevel":"debug","consoleOutput":true,"fileOutput":true,"logDirectory":"/app/be/logs"}
2025-07-25 02:37:49.889 [AIOT-BE] INFO: ProgressService initialized with periodic cleanup every 5 minutes
2025-07-25 02:38:07.617 [AIOT-BE] INFO: 🚀 Winston Logger initialized {"environment":"development","logLevel":"debug","consoleOutput":true,"fileOutput":true,"logDirectory":"/app/be/logs"}
2025-07-25 02:38:07.619 [AIOT-BE] INFO: ProgressService initialized with periodic cleanup every 5 minutes
2025-07-25 02:40:20.584 [AIOT-BE] INFO: 🚀 Winston Logger initialized {"environment":"development","logLevel":"debug","consoleOutput":true,"fileOutput":true,"logDirectory":"/app/be/logs"}
2025-07-25 02:40:20.587 [AIOT-BE] INFO: ProgressService initialized with periodic cleanup every 5 minutes
2025-07-25 02:40:36.092 [AIOT-BE] INFO: Login attempt for user: admin {"method":"POST","url":"/api/auth/login","ip":"::ffff:172.19.0.1","userAgent":"Mozilla/5.0 (Windows NT 10.0; Win64; x64) AppleWebKit/537.36 (KHTML, like Gecko) Chrome/138.0.0.0 Safari/537.36"}
2025-07-25 02:40:36.093 [AIOT-BE] INFO: Starting login authentication for user: admin, IP: ::ffff:172.19.0.1
2025-07-25 02:40:36.093 [AIOT-BE] INFO: Login attempt for username: admin from IP: ::ffff:172.19.0.1
2025-07-25 02:40:36.154 [AIOT-BE] WARN: Login failed: Invalid password for user: admin
2025-07-25 02:40:36.155 [AIOT-BE] WARN: Authentication failed for user: admin, reason: Invalid credentials, IP: ::ffff:172.19.0.1
2025-07-25 02:40:36.155 [AIOT-BE] WARN: Auth event: login for admin - FAILED {"event":"login","username":"admin","success":false,"reason":"Invalid credentials","ip":"::ffff:172.19.0.1"}
2025-07-25 02:40:48.839 [AIOT-BE] INFO: Login attempt for user: admin {"method":"POST","url":"/api/auth/login","ip":"::ffff:172.19.0.1","userAgent":"Mozilla/5.0 (Windows NT 10.0; Win64; x64) AppleWebKit/537.36 (KHTML, like Gecko) Chrome/138.0.0.0 Safari/537.36"}
2025-07-25 02:40:48.839 [AIOT-BE] INFO: Starting login authentication for user: admin, IP: ::ffff:172.19.0.1
2025-07-25 02:40:48.839 [AIOT-BE] INFO: Login attempt for username: admin from IP: ::ffff:172.19.0.1
2025-07-25 02:40:48.889 [AIOT-BE] WARN: Login failed: Invalid password for user: admin
2025-07-25 02:40:48.889 [AIOT-BE] WARN: Authentication failed for user: admin, reason: Invalid credentials, IP: ::ffff:172.19.0.1
2025-07-25 02:40:48.889 [AIOT-BE] WARN: Auth event: login for admin - FAILED {"event":"login","username":"admin","success":false,"reason":"Invalid credentials","ip":"::ffff:172.19.0.1"}
2025-07-25 02:45:36.788 [AIOT-BE] INFO: Starting admin user creation process
2025-07-25 02:45:36.789 [AIOT-BE] INFO: Admin user creation request {"method":"POST","url":"/api/init/admin-user","ip":"::ffff:172.19.0.1","userAgent":"curl/8.5.0"}
2025-07-25 02:45:36.808 [AIOT-BE] INFO: Permission created: user:create (ID: 2)
2025-07-25 02:45:36.815 [AIOT-BE] INFO: Permission created: user:read (ID: 3)
2025-07-25 02:45:36.821 [AIOT-BE] INFO: Permission created: user:update (ID: 4)
2025-07-25 02:45:36.827 [AIOT-BE] INFO: Permission created: user:delete (ID: 5)
2025-07-25 02:45:36.833 [AIOT-BE] INFO: Permission created: role:create (ID: 6)
2025-07-25 02:45:36.840 [AIOT-BE] INFO: Permission created: role:read (ID: 7)
2025-07-25 02:45:36.848 [AIOT-BE] INFO: Permission created: role:update (ID: 8)
2025-07-25 02:45:36.854 [AIOT-BE] INFO: Permission created: role:delete (ID: 9)
2025-07-25 02:45:36.862 [AIOT-BE] INFO: Permission created: permission:create (ID: 10)
2025-07-25 02:45:36.867 [AIOT-BE] INFO: Permission created: permission:read (ID: 11)
2025-07-25 02:45:36.873 [AIOT-BE] INFO: Permission created: permission:update (ID: 12)
2025-07-25 02:45:36.879 [AIOT-BE] INFO: Permission created: permission:delete (ID: 13)
2025-07-25 02:45:36.885 [AIOT-BE] INFO: Permission created: data:view (ID: 14)
2025-07-25 02:45:36.891 [AIOT-BE] INFO: Permission created: data:edit (ID: 15)
2025-07-25 02:45:36.896 [AIOT-BE] INFO: Permission created: data:delete (ID: 16)
2025-07-25 02:45:36.900 [AIOT-BE] INFO: Permission created: rtk:read (ID: 17)
2025-07-25 02:45:36.905 [AIOT-BE] INFO: Permission created: rtk:create (ID: 18)
2025-07-25 02:45:36.910 [AIOT-BE] INFO: Permission created: rtk:update (ID: 19)
2025-07-25 02:45:36.914 [AIOT-BE] INFO: Permission created: rtk:delete (ID: 20)
2025-07-25 02:45:36.920 [AIOT-BE] INFO: Permission created: system:admin (ID: 21)
2025-07-25 02:45:36.929 [AIOT-BE] INFO: Role-permission association created: roleId=1, permissionId=2
2025-07-25 02:45:36.935 [AIOT-BE] INFO: Role-permission association created: roleId=1, permissionId=3
2025-07-25 02:45:36.940 [AIOT-BE] INFO: Role-permission association created: roleId=1, permissionId=4
2025-07-25 02:45:36.944 [AIOT-BE] INFO: Role-permission association created: roleId=1, permissionId=5
2025-07-25 02:45:36.952 [AIOT-BE] INFO: Role-permission association created: roleId=1, permissionId=6
2025-07-25 02:45:36.956 [AIOT-BE] INFO: Role-permission association created: roleId=1, permissionId=7
2025-07-25 02:45:36.961 [AIOT-BE] INFO: Role-permission association created: roleId=1, permissionId=8
2025-07-25 02:45:36.966 [AIOT-BE] INFO: Role-permission association created: roleId=1, permissionId=9
2025-07-25 02:45:36.972 [AIOT-BE] INFO: Role-permission association created: roleId=1, permissionId=10
2025-07-25 02:45:36.978 [AIOT-BE] INFO: Role-permission association created: roleId=1, permissionId=11
2025-07-25 02:45:36.982 [AIOT-BE] INFO: Role-permission association created: roleId=1, permissionId=12
2025-07-25 02:45:36.990 [AIOT-BE] INFO: Role-permission association created: roleId=1, permissionId=13
2025-07-25 02:45:36.995 [AIOT-BE] INFO: Role-permission association created: roleId=1, permissionId=14
2025-07-25 02:45:37.000 [AIOT-BE] INFO: Role-permission association created: roleId=1, permissionId=15
2025-07-25 02:45:37.007 [AIOT-BE] INFO: Role-permission association created: roleId=1, permissionId=16
2025-07-25 02:45:37.011 [AIOT-BE] INFO: Role-permission association created: roleId=1, permissionId=17
2025-07-25 02:45:37.016 [AIOT-BE] INFO: Role-permission association created: roleId=1, permissionId=18
2025-07-25 02:45:37.022 [AIOT-BE] INFO: Role-permission association created: roleId=1, permissionId=19
2025-07-25 02:45:37.026 [AIOT-BE] INFO: Role-permission association created: roleId=1, permissionId=20
2025-07-25 02:45:37.030 [AIOT-BE] INFO: Role-permission association created: roleId=1, permissionId=21
2025-07-25 02:45:37.079 [AIOT-BE] INFO: Admin user creation completed: Admin user 'admin' already exists
2025-07-25 02:45:55.564 [AIOT-BE] INFO: Login attempt for user: admin {"method":"POST","url":"/api/auth/login","ip":"::ffff:172.19.0.1","userAgent":"Mozilla/5.0 (Windows NT 10.0; Win64; x64) AppleWebKit/537.36 (KHTML, like Gecko) Chrome/138.0.0.0 Safari/537.36"}
2025-07-25 02:45:55.564 [AIOT-BE] INFO: Starting login authentication for user: admin, IP: ::ffff:172.19.0.1
2025-07-25 02:45:55.565 [AIOT-BE] INFO: Login attempt for username: admin from IP: ::ffff:172.19.0.1
2025-07-25 02:45:55.615 [AIOT-BE] WARN: Login failed: Invalid password for user: admin
2025-07-25 02:45:55.615 [AIOT-BE] WARN: Authentication failed for user: admin, reason: Invalid credentials, IP: ::ffff:172.19.0.1
2025-07-25 02:45:55.615 [AIOT-BE] WARN: Auth event: login for admin - FAILED {"event":"login","username":"admin","success":false,"reason":"Invalid credentials","ip":"::ffff:172.19.0.1"}
2025-07-25 02:45:58.631 [AIOT-BE] INFO: Login attempt for user: admin {"method":"POST","url":"/api/auth/login","ip":"::ffff:172.19.0.1","userAgent":"Mozilla/5.0 (Windows NT 10.0; Win64; x64) AppleWebKit/537.36 (KHTML, like Gecko) Chrome/138.0.0.0 Safari/537.36"}
2025-07-25 02:45:58.632 [AIOT-BE] INFO: Starting login authentication for user: admin, IP: ::ffff:172.19.0.1
2025-07-25 02:45:58.632 [AIOT-BE] INFO: Login attempt for username: admin from IP: ::ffff:172.19.0.1
2025-07-25 02:45:58.679 [AIOT-BE] WARN: Login failed: Invalid password for user: admin
2025-07-25 02:45:58.680 [AIOT-BE] WARN: Authentication failed for user: admin, reason: Invalid credentials, IP: ::ffff:172.19.0.1
2025-07-25 02:45:58.680 [AIOT-BE] WARN: Auth event: login for admin - FAILED {"event":"login","username":"admin","success":false,"reason":"Invalid credentials","ip":"::ffff:172.19.0.1"}
2025-07-25 02:45:59.698 [AIOT-BE] INFO: Login attempt for user: admin {"method":"POST","url":"/api/auth/login","ip":"::ffff:172.19.0.1","userAgent":"Mozilla/5.0 (Windows NT 10.0; Win64; x64) AppleWebKit/537.36 (KHTML, like Gecko) Chrome/138.0.0.0 Safari/537.36"}
2025-07-25 02:45:59.698 [AIOT-BE] INFO: Starting login authentication for user: admin, IP: ::ffff:172.19.0.1
2025-07-25 02:45:59.698 [AIOT-BE] INFO: Login attempt for username: admin from IP: ::ffff:172.19.0.1
2025-07-25 02:45:59.744 [AIOT-BE] WARN: Login failed: Invalid password for user: admin
2025-07-25 02:45:59.745 [AIOT-BE] WARN: Authentication failed for user: admin, reason: Invalid credentials, IP: ::ffff:172.19.0.1
2025-07-25 02:45:59.745 [AIOT-BE] WARN: Auth event: login for admin - FAILED {"event":"login","username":"admin","success":false,"reason":"Invalid credentials","ip":"::ffff:172.19.0.1"}
2025-07-25 02:49:00.205 [AIOT-BE] INFO: Login attempt for user: admin {"method":"POST","url":"/api/auth/login","ip":"::ffff:172.19.0.1","userAgent":"Mozilla/5.0 (Windows NT 10.0; Win64; x64) AppleWebKit/537.36 (KHTML, like Gecko) Chrome/138.0.0.0 Safari/537.36"}
2025-07-25 02:49:00.205 [AIOT-BE] INFO: Starting login authentication for user: admin, IP: ::ffff:172.19.0.1
2025-07-25 02:49:00.205 [AIOT-BE] INFO: Login attempt for username: admin from IP: ::ffff:172.19.0.1
2025-07-25 02:49:00.266 [AIOT-BE] INFO: Login successful for user: admin (ID: 1)
2025-07-25 02:49:00.267 [AIOT-BE] INFO: Login authentication successful for user: admin, userID: 1, rememberMe: false
2025-07-25 02:49:00.267 [AIOT-BE] INFO: Auth event: login for admin - SUCCESS {"event":"login","username":"admin","success":true,"userId":1,"rememberMe":false,"ip":"::ffff:172.19.0.1","userAgent":"Mozilla/5.0 (Windows NT 10.0; Win64; x64) AppleWebKit/537.36 (KHTML, like Gecko) Chrome/138.0.0.0 Safari/537.36"}
2025-07-25 03:49:37.649 [AIOT-BE] INFO: 🚀 Winston Logger initialized {"environment":"development","logLevel":"debug","consoleOutput":true,"fileOutput":true,"logDirectory":"/app/be/logs"}
2025-07-25 03:49:37.652 [AIOT-BE] INFO: ProgressService initialized with periodic cleanup every 5 minutes
2025-07-25 03:51:07.134 [AIOT-BE] INFO: 🚀 Winston Logger initialized {"environment":"development","logLevel":"debug","consoleOutput":true,"fileOutput":true,"logDirectory":"/app/be/logs"}
2025-07-25 03:51:07.136 [AIOT-BE] INFO: ProgressService initialized with periodic cleanup every 5 minutes
2025-07-25 03:51:30.460 [AIOT-BE] INFO: 🚀 Winston Logger initialized {"environment":"development","logLevel":"debug","consoleOutput":true,"fileOutput":true,"logDirectory":"/app/be/logs"}
2025-07-25 03:51:30.463 [AIOT-BE] INFO: ProgressService initialized with periodic cleanup every 5 minutes
2025-07-25 03:51:53.170 [AIOT-BE] INFO: 🚀 Winston Logger initialized {"environment":"development","logLevel":"debug","consoleOutput":true,"fileOutput":true,"logDirectory":"/app/be/logs"}
2025-07-25 03:51:53.172 [AIOT-BE] INFO: ProgressService initialized with periodic cleanup every 5 minutes
2025-07-25 03:52:08.083 [AIOT-BE] INFO: 🚀 Winston Logger initialized {"environment":"development","logLevel":"debug","consoleOutput":true,"fileOutput":true,"logDirectory":"/app/be/logs"}
2025-07-25 03:52:08.085 [AIOT-BE] INFO: ProgressService initialized with periodic cleanup every 5 minutes
2025-07-25 03:52:19.435 [AIOT-BE] INFO: 🚀 Winston Logger initialized {"environment":"development","logLevel":"debug","consoleOutput":true,"fileOutput":true,"logDirectory":"/app/be/logs"}
2025-07-25 03:52:19.437 [AIOT-BE] INFO: ProgressService initialized with periodic cleanup every 5 minutes
2025-07-25 03:52:27.884 [AIOT-BE] INFO: 🚀 Winston Logger initialized {"environment":"development","logLevel":"debug","consoleOutput":true,"fileOutput":true,"logDirectory":"/app/be/logs"}
2025-07-25 03:52:27.886 [AIOT-BE] INFO: ProgressService initialized with periodic cleanup every 5 minutes
2025-07-25 03:52:45.759 [AIOT-BE] INFO: 🚀 Winston Logger initialized {"environment":"development","logLevel":"debug","consoleOutput":true,"fileOutput":true,"logDirectory":"/app/be/logs"}
2025-07-25 03:52:45.761 [AIOT-BE] INFO: ProgressService initialized with periodic cleanup every 5 minutes
2025-07-25 04:05:09.496 [AIOT-BE] INFO: 🚀 Winston Logger initialized {"environment":"development","logLevel":"debug","consoleOutput":true,"fileOutput":true,"logDirectory":"/app/be/logs"}
2025-07-25 04:05:09.499 [AIOT-BE] INFO: ProgressService initialized with periodic cleanup every 5 minutes
2025-07-25 04:05:21.829 [AIOT-BE] INFO: 🚀 Winston Logger initialized {"environment":"development","logLevel":"debug","consoleOutput":true,"fileOutput":true,"logDirectory":"/app/be/logs"}
2025-07-25 04:05:21.832 [AIOT-BE] INFO: ProgressService initialized with periodic cleanup every 5 minutes
2025-07-25 04:05:42.081 [AIOT-BE] INFO: 🚀 Winston Logger initialized {"environment":"development","logLevel":"debug","consoleOutput":true,"fileOutput":true,"logDirectory":"/app/be/logs"}
2025-07-25 04:05:42.083 [AIOT-BE] INFO: ProgressService initialized with periodic cleanup every 5 minutes
2025-07-25 04:06:01.852 [AIOT-BE] INFO: 🚀 Winston Logger initialized {"environment":"development","logLevel":"debug","consoleOutput":true,"fileOutput":true,"logDirectory":"/app/be/logs"}
2025-07-25 04:06:01.855 [AIOT-BE] INFO: ProgressService initialized with periodic cleanup every 5 minutes
2025-07-25 04:06:16.243 [AIOT-BE] INFO: 🚀 Winston Logger initialized {"environment":"development","logLevel":"debug","consoleOutput":true,"fileOutput":true,"logDirectory":"/app/be/logs"}
2025-07-25 04:06:16.246 [AIOT-BE] INFO: ProgressService initialized with periodic cleanup every 5 minutes
2025-07-25 04:06:31.120 [AIOT-BE] INFO: 🚀 Winston Logger initialized {"environment":"development","logLevel":"debug","consoleOutput":true,"fileOutput":true,"logDirectory":"/app/be/logs"}
2025-07-25 04:06:31.122 [AIOT-BE] INFO: ProgressService initialized with periodic cleanup every 5 minutes
2025-07-25 04:06:42.321 [AIOT-BE] INFO: 🚀 Winston Logger initialized {"environment":"development","logLevel":"debug","consoleOutput":true,"fileOutput":true,"logDirectory":"/app/be/logs"}
2025-07-25 04:06:42.323 [AIOT-BE] INFO: ProgressService initialized with periodic cleanup every 5 minutes
2025-07-25 04:08:06.193 [AIOT-BE] INFO: 🚀 Winston Logger initialized {"environment":"development","logLevel":"debug","consoleOutput":true,"fileOutput":true,"logDirectory":"/app/be/logs"}
2025-07-25 04:08:06.196 [AIOT-BE] INFO: ProgressService initialized with periodic cleanup every 5 minutes
2025-07-25 04:08:37.786 [AIOT-BE] INFO: 🚀 Winston Logger initialized {"environment":"development","logLevel":"debug","consoleOutput":true,"fileOutput":true,"logDirectory":"/app/be/logs"}
2025-07-25 04:08:37.789 [AIOT-BE] INFO: ProgressService initialized with periodic cleanup every 5 minutes
2025-07-25 04:08:48.263 [AIOT-BE] INFO: 🚀 Winston Logger initialized {"environment":"development","logLevel":"debug","consoleOutput":true,"fileOutput":true,"logDirectory":"/app/be/logs"}
2025-07-25 04:08:48.266 [AIOT-BE] INFO: ProgressService initialized with periodic cleanup every 5 minutes
2025-07-25 04:09:02.848 [AIOT-BE] INFO: 🚀 Winston Logger initialized {"environment":"development","logLevel":"debug","consoleOutput":true,"fileOutput":true,"logDirectory":"/app/be/logs"}
2025-07-25 04:09:02.850 [AIOT-BE] INFO: ProgressService initialized with periodic cleanup every 5 minutes
2025-07-25 04:18:58.302 [AIOT-BE] INFO: 🚀 Winston Logger initialized {"environment":"development","logLevel":"debug","consoleOutput":true,"fileOutput":true,"logDirectory":"/app/be/logs"}
2025-07-25 04:18:58.306 [AIOT-BE] INFO: ProgressService initialized with periodic cleanup every 5 minutes
2025-07-25 04:22:39.753 [AIOT-BE] INFO: 🚀 Winston Logger initialized {"environment":"development","logLevel":"debug","consoleOutput":true,"fileOutput":true,"logDirectory":"/app/be/logs"}
2025-07-25 04:22:39.756 [AIOT-BE] INFO: ProgressService initialized with periodic cleanup every 5 minutes
2025-07-25 04:23:54.136 [AIOT-BE] INFO: 🚀 Winston Logger initialized {"environment":"development","logLevel":"debug","consoleOutput":true,"fileOutput":true,"logDirectory":"/app/be/logs"}
2025-07-25 04:23:54.139 [AIOT-BE] INFO: ProgressService initialized with periodic cleanup every 5 minutes
2025-07-25 04:26:30.816 [AIOT-BE] INFO: 🚀 Winston Logger initialized {"environment":"development","logLevel":"debug","consoleOutput":true,"fileOutput":true,"logDirectory":"/app/be/logs"}
2025-07-25 04:26:30.818 [AIOT-BE] INFO: ProgressService initialized with periodic cleanup every 5 minutes
2025-07-25 04:29:49.906 [AIOT-BE] INFO: 🚀 Winston Logger initialized {"environment":"development","logLevel":"debug","consoleOutput":true,"fileOutput":true,"logDirectory":"/app/be/logs"}
2025-07-25 04:29:49.909 [AIOT-BE] INFO: ProgressService initialized with periodic cleanup every 5 minutes
2025-07-25 04:44:33.146 [AIOT-BE] INFO: 🚀 Winston Logger initialized {"environment":"development","logLevel":"debug","consoleOutput":true,"fileOutput":true,"logDirectory":"/app/be/logs"}
2025-07-25 04:44:33.148 [AIOT-BE] INFO: ProgressService initialized with periodic cleanup every 5 minutes
2025-07-25 04:49:46.330 [AIOT-BE] INFO: 🚀 Winston Logger initialized {"environment":"development","logLevel":"debug","consoleOutput":true,"fileOutput":true,"logDirectory":"/app/be/logs"}
2025-07-25 04:49:46.333 [AIOT-BE] INFO: ProgressService initialized with periodic cleanup every 5 minutes
2025-07-25 04:50:31.905 [AIOT-BE] INFO: 🚀 Winston Logger initialized {"environment":"development","logLevel":"debug","consoleOutput":true,"fileOutput":true,"logDirectory":"/app/be/logs"}
2025-07-25 04:50:31.908 [AIOT-BE] INFO: ProgressService initialized with periodic cleanup every 5 minutes
2025-07-25 04:52:07.407 [AIOT-BE] INFO: 🚀 Winston Logger initialized {"environment":"development","logLevel":"debug","consoleOutput":true,"fileOutput":true,"logDirectory":"/app/be/logs"}
2025-07-25 04:52:07.410 [AIOT-BE] INFO: ProgressService initialized with periodic cleanup every 5 minutes
2025-07-25 04:53:41.264 [AIOT-BE] INFO: 🚀 Winston Logger initialized {"environment":"development","logLevel":"debug","consoleOutput":true,"fileOutput":true,"logDirectory":"/app/be/logs"}
2025-07-25 04:53:41.266 [AIOT-BE] INFO: ProgressService initialized with periodic cleanup every 5 minutes
2025-07-25 04:54:56.942 [AIOT-BE] INFO: 🚀 Winston Logger initialized {"environment":"development","logLevel":"debug","consoleOutput":true,"fileOutput":true,"logDirectory":"/app/be/logs"}
2025-07-25 04:54:56.944 [AIOT-BE] INFO: ProgressService initialized with periodic cleanup every 5 minutes
2025-07-25 04:57:17.870 [AIOT-BE] INFO: 🚀 Winston Logger initialized {"environment":"development","logLevel":"debug","consoleOutput":true,"fileOutput":true,"logDirectory":"/app/be/logs"}
2025-07-25 04:57:17.873 [AIOT-BE] INFO: ProgressService initialized with periodic cleanup every 5 minutes
2025-07-25 05:03:21.107 [AIOT-BE] INFO: 🚀 Winston Logger initialized {"environment":"development","logLevel":"debug","consoleOutput":true,"fileOutput":true,"logDirectory":"/app/be/logs"}
2025-07-25 05:03:21.109 [AIOT-BE] INFO: ProgressService initialized with periodic cleanup every 5 minutes
2025-07-25 05:03:55.121 [AIOT-BE] INFO: 🚀 Winston Logger initialized {"environment":"development","logLevel":"debug","consoleOutput":true,"fileOutput":true,"logDirectory":"/app/be/logs"}
2025-07-25 05:03:55.123 [AIOT-BE] INFO: ProgressService initialized with periodic cleanup every 5 minutes
2025-07-25 05:04:32.449 [AIOT-BE] INFO: 🚀 Winston Logger initialized {"environment":"development","logLevel":"debug","consoleOutput":true,"fileOutput":true,"logDirectory":"/app/be/logs"}
2025-07-25 05:04:32.451 [AIOT-BE] INFO: ProgressService initialized with periodic cleanup every 5 minutes
2025-07-25 05:05:16.392 [AIOT-BE] INFO: 🚀 Winston Logger initialized {"environment":"development","logLevel":"debug","consoleOutput":true,"fileOutput":true,"logDirectory":"/app/be/logs"}
2025-07-25 05:05:16.395 [AIOT-BE] INFO: ProgressService initialized with periodic cleanup every 5 minutes
2025-07-25 05:05:48.143 [AIOT-BE] INFO: 🚀 Winston Logger initialized {"environment":"development","logLevel":"debug","consoleOutput":true,"fileOutput":true,"logDirectory":"/app/be/logs"}
2025-07-25 05:05:48.145 [AIOT-BE] INFO: ProgressService initialized with periodic cleanup every 5 minutes
2025-07-25 05:06:29.049 [AIOT-BE] INFO: 🚀 Winston Logger initialized {"environment":"development","logLevel":"debug","consoleOutput":true,"fileOutput":true,"logDirectory":"/app/be/logs"}
2025-07-25 05:06:29.051 [AIOT-BE] INFO: ProgressService initialized with periodic cleanup every 5 minutes
2025-07-25 05:06:59.907 [AIOT-BE] INFO: 🚀 Winston Logger initialized {"environment":"development","logLevel":"debug","consoleOutput":true,"fileOutput":true,"logDirectory":"/app/be/logs"}
2025-07-25 05:06:59.909 [AIOT-BE] INFO: ProgressService initialized with periodic cleanup every 5 minutes
2025-07-25 05:07:24.814 [AIOT-BE] INFO: 🚀 Winston Logger initialized {"environment":"development","logLevel":"debug","consoleOutput":true,"fileOutput":true,"logDirectory":"/app/be/logs"}
2025-07-25 05:07:24.817 [AIOT-BE] INFO: ProgressService initialized with periodic cleanup every 5 minutes
2025-07-25 05:09:34.845 [AIOT-BE] INFO: 🚀 Winston Logger initialized {"environment":"development","logLevel":"debug","consoleOutput":true,"fileOutput":true,"logDirectory":"/app/be/logs"}
2025-07-25 05:09:34.848 [AIOT-BE] INFO: ProgressService initialized with periodic cleanup every 5 minutes
2025-07-25 05:10:12.463 [AIOT-BE] INFO: 🚀 Winston Logger initialized {"environment":"development","logLevel":"debug","consoleOutput":true,"fileOutput":true,"logDirectory":"/app/be/logs"}
2025-07-25 05:10:12.465 [AIOT-BE] INFO: ProgressService initialized with periodic cleanup every 5 minutes
2025-07-25 05:11:01.035 [AIOT-BE] INFO: 🚀 Winston Logger initialized {"environment":"development","logLevel":"debug","consoleOutput":true,"fileOutput":true,"logDirectory":"/app/be/logs"}
2025-07-25 05:11:01.038 [AIOT-BE] INFO: ProgressService initialized with periodic cleanup every 5 minutes
2025-07-25 05:11:43.375 [AIOT-BE] INFO: 🚀 Winston Logger initialized {"environment":"development","logLevel":"debug","consoleOutput":true,"fileOutput":true,"logDirectory":"/app/be/logs"}
2025-07-25 05:11:43.378 [AIOT-BE] INFO: ProgressService initialized with periodic cleanup every 5 minutes
2025-07-25 05:12:12.458 [AIOT-BE] INFO: 🚀 Winston Logger initialized {"environment":"development","logLevel":"debug","consoleOutput":true,"fileOutput":true,"logDirectory":"/app/be/logs"}
2025-07-25 05:12:12.460 [AIOT-BE] INFO: ProgressService initialized with periodic cleanup every 5 minutes
2025-07-25 05:12:53.264 [AIOT-BE] INFO: 🚀 Winston Logger initialized {"environment":"development","logLevel":"debug","consoleOutput":true,"fileOutput":true,"logDirectory":"/app/be/logs"}
2025-07-25 05:12:53.267 [AIOT-BE] INFO: ProgressService initialized with periodic cleanup every 5 minutes
2025-07-25 05:13:24.304 [AIOT-BE] INFO: 🚀 Winston Logger initialized {"environment":"development","logLevel":"debug","consoleOutput":true,"fileOutput":true,"logDirectory":"/app/be/logs"}
2025-07-25 05:13:24.306 [AIOT-BE] INFO: ProgressService initialized with periodic cleanup every 5 minutes
2025-07-25 05:13:49.299 [AIOT-BE] INFO: 🚀 Winston Logger initialized {"environment":"development","logLevel":"debug","consoleOutput":true,"fileOutput":true,"logDirectory":"/app/be/logs"}
2025-07-25 05:13:49.302 [AIOT-BE] INFO: ProgressService initialized with periodic cleanup every 5 minutes
2025-07-25 05:22:33.224 [AIOT-BE] INFO: 🚀 Winston Logger initialized {"environment":"development","logLevel":"debug","consoleOutput":true,"fileOutput":true,"logDirectory":"/app/be/logs"}
2025-07-25 05:22:33.227 [AIOT-BE] INFO: ProgressService initialized with periodic cleanup every 5 minutes
2025-07-25 05:22:52.637 [AIOT-BE] INFO: 🚀 Winston Logger initialized {"environment":"development","logLevel":"debug","consoleOutput":true,"fileOutput":true,"logDirectory":"/app/be/logs"}
2025-07-25 05:22:52.640 [AIOT-BE] INFO: ProgressService initialized with periodic cleanup every 5 minutes
2025-07-25 05:23:25.966 [AIOT-BE] INFO: 🚀 Winston Logger initialized {"environment":"development","logLevel":"debug","consoleOutput":true,"fileOutput":true,"logDirectory":"/app/be/logs"}
2025-07-25 05:23:25.968 [AIOT-BE] INFO: ProgressService initialized with periodic cleanup every 5 minutes
2025-07-25 05:23:30.557 [AIOT-BE] INFO: 🚀 Winston Logger initialized {"environment":"development","logLevel":"debug","consoleOutput":true,"fileOutput":true,"logDirectory":"/app/be/logs"}
2025-07-25 05:23:30.559 [AIOT-BE] INFO: ProgressService initialized with periodic cleanup every 5 minutes
2025-07-25 05:23:33.021 [AIOT-BE] INFO: 🚀 Winston Logger initialized {"environment":"development","logLevel":"debug","consoleOutput":true,"fileOutput":true,"logDirectory":"/app/be/logs"}
2025-07-25 05:23:33.023 [AIOT-BE] INFO: ProgressService initialized with periodic cleanup every 5 minutes
2025-07-25 05:23:35.572 [AIOT-BE] INFO: 🚀 Winston Logger initialized {"environment":"development","logLevel":"debug","consoleOutput":true,"fileOutput":true,"logDirectory":"/app/be/logs"}
2025-07-25 05:23:35.575 [AIOT-BE] INFO: ProgressService initialized with periodic cleanup every 5 minutes
2025-07-25 05:23:37.737 [AIOT-BE] INFO: 🚀 Winston Logger initialized {"environment":"development","logLevel":"debug","consoleOutput":true,"fileOutput":true,"logDirectory":"/app/be/logs"}
2025-07-25 05:23:37.739 [AIOT-BE] INFO: ProgressService initialized with periodic cleanup every 5 minutes
2025-07-25 05:23:47.597 [AIOT-BE] INFO: 🚀 Winston Logger initialized {"environment":"development","logLevel":"debug","consoleOutput":true,"fileOutput":true,"logDirectory":"/app/be/logs"}
2025-07-25 05:23:47.600 [AIOT-BE] INFO: ProgressService initialized with periodic cleanup every 5 minutes
2025-07-25 05:24:04.372 [AIOT-BE] INFO: 🚀 Winston Logger initialized {"environment":"development","logLevel":"debug","consoleOutput":true,"fileOutput":true,"logDirectory":"/app/be/logs"}
2025-07-25 05:24:04.374 [AIOT-BE] INFO: ProgressService initialized with periodic cleanup every 5 minutes
2025-07-25 05:24:19.519 [AIOT-BE] INFO: 🚀 Winston Logger initialized {"environment":"development","logLevel":"debug","consoleOutput":true,"fileOutput":true,"logDirectory":"/app/be/logs"}
2025-07-25 05:24:19.522 [AIOT-BE] INFO: ProgressService initialized with periodic cleanup every 5 minutes
2025-07-25 05:24:57.357 [AIOT-BE] INFO: 🚀 Winston Logger initialized {"environment":"development","logLevel":"debug","consoleOutput":true,"fileOutput":true,"logDirectory":"/app/be/logs"}
2025-07-25 05:24:57.360 [AIOT-BE] INFO: ProgressService initialized with periodic cleanup every 5 minutes
2025-07-25 05:25:21.307 [AIOT-BE] INFO: 🚀 Winston Logger initialized {"environment":"development","logLevel":"debug","consoleOutput":true,"fileOutput":true,"logDirectory":"/app/be/logs"}
2025-07-25 05:25:21.310 [AIOT-BE] INFO: ProgressService initialized with periodic cleanup every 5 minutes
2025-07-25 05:27:40.300 [AIOT-BE] INFO: 🚀 Winston Logger initialized {"environment":"development","logLevel":"debug","consoleOutput":true,"fileOutput":true,"logDirectory":"/app/be/logs"}
2025-07-25 05:27:40.303 [AIOT-BE] INFO: ProgressService initialized with periodic cleanup every 5 minutes
2025-07-25 05:28:10.229 [AIOT-BE] INFO: 🚀 Winston Logger initialized {"environment":"development","logLevel":"debug","consoleOutput":true,"fileOutput":true,"logDirectory":"/app/be/logs"}
2025-07-25 05:28:10.231 [AIOT-BE] INFO: ProgressService initialized with periodic cleanup every 5 minutes
2025-07-25 05:29:44.842 [AIOT-BE] INFO: 🚀 Winston Logger initialized {"environment":"development","logLevel":"debug","consoleOutput":true,"fileOutput":true,"logDirectory":"/app/be/logs"}
2025-07-25 05:29:44.845 [AIOT-BE] INFO: ProgressService initialized with periodic cleanup every 5 minutes
2025-07-25 05:30:16.562 [AIOT-BE] INFO: 🚀 Winston Logger initialized {"environment":"development","logLevel":"debug","consoleOutput":true,"fileOutput":true,"logDirectory":"/app/be/logs"}
2025-07-25 05:30:16.565 [AIOT-BE] INFO: ProgressService initialized with periodic cleanup every 5 minutes
2025-07-25 05:30:35.424 [AIOT-BE] INFO: 🚀 Winston Logger initialized {"environment":"development","logLevel":"debug","consoleOutput":true,"fileOutput":true,"logDirectory":"/app/be/logs"}
2025-07-25 05:30:35.427 [AIOT-BE] INFO: ProgressService initialized with periodic cleanup every 5 minutes
2025-07-25 05:31:25.436 [AIOT-BE] INFO: 🚀 Winston Logger initialized {"environment":"development","logLevel":"debug","consoleOutput":true,"fileOutput":true,"logDirectory":"/app/be/logs"}
2025-07-25 05:31:25.438 [AIOT-BE] INFO: ProgressService initialized with periodic cleanup every 5 minutes
2025-07-25 05:48:19.847 [AIOT-BE] INFO: 🚀 Winston Logger initialized {"environment":"development","logLevel":"debug","consoleOutput":true,"fileOutput":true,"logDirectory":"/app/be/logs"}
2025-07-25 05:48:19.849 [AIOT-BE] INFO: ProgressService initialized with periodic cleanup every 5 minutes
2025-07-25 06:05:48.493 [AIOT-BE] INFO: 🚀 Winston Logger initialized {"environment":"development","logLevel":"debug","consoleOutput":true,"fileOutput":true,"logDirectory":"/app/be/logs"}
2025-07-25 06:05:48.495 [AIOT-BE] INFO: ProgressService initialized with periodic cleanup every 5 minutes
2025-07-25 06:06:15.784 [AIOT-BE] INFO: 🚀 Winston Logger initialized {"environment":"development","logLevel":"debug","consoleOutput":true,"fileOutput":true,"logDirectory":"/app/be/logs"}
2025-07-25 06:06:15.786 [AIOT-BE] INFO: ProgressService initialized with periodic cleanup every 5 minutes
2025-07-25 07:57:29.553 [AIOT-BE] INFO: 🚀 Winston Logger initialized {"environment":"development","logLevel":"debug","consoleOutput":true,"fileOutput":true,"logDirectory":"/app/be/logs"}
2025-07-25 07:57:29.556 [AIOT-BE] INFO: ProgressService initialized with periodic cleanup every 5 minutes
2025-07-25 07:57:31.000 [AIOT-BE] INFO: 🚀 Winston Logger initialized {"environment":"development","logLevel":"debug","consoleOutput":true,"fileOutput":true,"logDirectory":"/app/be/logs"}
2025-07-25 07:57:31.002 [AIOT-BE] INFO: ProgressService initialized with periodic cleanup every 5 minutes
2025-07-25 07:57:44.191 [AIOT-BE] INFO: 🚀 Winston Logger initialized {"environment":"development","logLevel":"debug","consoleOutput":true,"fileOutput":true,"logDirectory":"/app/be/logs"}
2025-07-25 07:57:44.194 [AIOT-BE] INFO: ProgressService initialized with periodic cleanup every 5 minutes
2025-07-25 08:16:14.661 [AIOT-BE] INFO: 🚀 Winston Logger initialized {"environment":"development","logLevel":"debug","consoleOutput":true,"fileOutput":true,"logDirectory":"/app/be/logs"}
2025-07-25 08:16:14.664 [AIOT-BE] INFO: ProgressService initialized with periodic cleanup every 5 minutes
2025-07-25 08:21:38.070 [AIOT-BE] INFO: 🚀 Winston Logger initialized {"environment":"development","logLevel":"debug","consoleOutput":true,"fileOutput":true,"logDirectory":"/app/be/logs"}
2025-07-25 08:21:38.073 [AIOT-BE] INFO: ProgressService initialized with periodic cleanup every 5 minutes
2025-07-25 08:21:54.303 [AIOT-BE] INFO: 🚀 Winston Logger initialized {"environment":"development","logLevel":"debug","consoleOutput":true,"fileOutput":true,"logDirectory":"/app/be/logs"}
2025-07-25 08:21:54.305 [AIOT-BE] INFO: ProgressService initialized with periodic cleanup every 5 minutes
2025-07-25 08:22:13.722 [AIOT-BE] INFO: 🚀 Winston Logger initialized {"environment":"development","logLevel":"debug","consoleOutput":true,"fileOutput":true,"logDirectory":"/app/be/logs"}
2025-07-25 08:22:13.725 [AIOT-BE] INFO: ProgressService initialized with periodic cleanup every 5 minutes
2025-07-25 08:25:38.120 [AIOT-BE] INFO: 🚀 Winston Logger initialized {"environment":"development","logLevel":"debug","consoleOutput":true,"fileOutput":true,"logDirectory":"/app/be/logs"}
2025-07-25 08:25:38.123 [AIOT-BE] INFO: ProgressService initialized with periodic cleanup every 5 minutes
2025-07-25 08:25:46.385 [AIOT-BE] INFO: 🚀 Winston Logger initialized {"environment":"development","logLevel":"debug","consoleOutput":true,"fileOutput":true,"logDirectory":"/app/be/logs"}
2025-07-25 08:25:46.388 [AIOT-BE] INFO: ProgressService initialized with periodic cleanup every 5 minutes
2025-07-25 08:25:53.744 [AIOT-BE] INFO: 🚀 Winston Logger initialized {"environment":"development","logLevel":"debug","consoleOutput":true,"fileOutput":true,"logDirectory":"/app/be/logs"}
2025-07-25 08:25:53.747 [AIOT-BE] INFO: ProgressService initialized with periodic cleanup every 5 minutes
2025-07-25 08:26:21.063 [AIOT-BE] INFO: 🚀 Winston Logger initialized {"environment":"development","logLevel":"debug","consoleOutput":true,"fileOutput":true,"logDirectory":"/app/be/logs"}
2025-07-25 08:26:21.066 [AIOT-BE] INFO: ProgressService initialized with periodic cleanup every 5 minutes
2025-07-25 08:26:29.464 [AIOT-BE] INFO: 🚀 Winston Logger initialized {"environment":"development","logLevel":"debug","consoleOutput":true,"fileOutput":true,"logDirectory":"/app/be/logs"}
2025-07-25 08:26:29.467 [AIOT-BE] INFO: ProgressService initialized with periodic cleanup every 5 minutes
2025-07-25 08:26:33.253 [AIOT-BE] INFO: 🚀 Winston Logger initialized {"environment":"development","logLevel":"debug","consoleOutput":true,"fileOutput":true,"logDirectory":"/app/be/logs"}
2025-07-25 08:26:33.256 [AIOT-BE] INFO: ProgressService initialized with periodic cleanup every 5 minutes
2025-07-25 08:28:04.999 [AIOT-BE] INFO: 🚀 Winston Logger initialized {"environment":"development","logLevel":"debug","consoleOutput":true,"fileOutput":true,"logDirectory":"/app/be/logs"}
2025-07-25 08:28:05.002 [AIOT-BE] INFO: ProgressService initialized with periodic cleanup every 5 minutes
2025-07-25 08:32:23.742 [AIOT-BE] INFO: 🚀 Winston Logger initialized {"environment":"development","logLevel":"debug","consoleOutput":true,"fileOutput":true,"logDirectory":"/app/be/logs"}
2025-07-25 08:32:23.745 [AIOT-BE] INFO: ProgressService initialized with periodic cleanup every 5 minutes
2025-07-25 08:32:40.473 [AIOT-BE] INFO: 🚀 Winston Logger initialized {"environment":"development","logLevel":"debug","consoleOutput":true,"fileOutput":true,"logDirectory":"/app/be/logs"}
2025-07-25 08:32:40.475 [AIOT-BE] INFO: ProgressService initialized with periodic cleanup every 5 minutes
2025-07-25 08:32:52.730 [AIOT-BE] INFO: 🚀 Winston Logger initialized {"environment":"development","logLevel":"debug","consoleOutput":true,"fileOutput":true,"logDirectory":"/app/be/logs"}
2025-07-25 08:32:52.733 [AIOT-BE] INFO: ProgressService initialized with periodic cleanup every 5 minutes
2025-07-25 08:33:00.689 [AIOT-BE] INFO: 🚀 Winston Logger initialized {"environment":"development","logLevel":"debug","consoleOutput":true,"fileOutput":true,"logDirectory":"/app/be/logs"}
2025-07-25 08:33:00.692 [AIOT-BE] INFO: ProgressService initialized with periodic cleanup every 5 minutes
2025-07-25 08:33:09.742 [AIOT-BE] INFO: 🚀 Winston Logger initialized {"environment":"development","logLevel":"debug","consoleOutput":true,"fileOutput":true,"logDirectory":"/app/be/logs"}
2025-07-25 08:33:09.745 [AIOT-BE] INFO: ProgressService initialized with periodic cleanup every 5 minutes
2025-07-25 08:33:46.403 [AIOT-BE] INFO: 🚀 Winston Logger initialized {"environment":"development","logLevel":"debug","consoleOutput":true,"fileOutput":true,"logDirectory":"/app/be/logs"}
2025-07-25 08:33:46.405 [AIOT-BE] INFO: ProgressService initialized with periodic cleanup every 5 minutes
2025-07-25 08:33:51.433 [AIOT-BE] INFO: 🚀 Winston Logger initialized {"environment":"development","logLevel":"debug","consoleOutput":true,"fileOutput":true,"logDirectory":"/app/be/logs"}
2025-07-25 08:33:51.435 [AIOT-BE] INFO: ProgressService initialized with periodic cleanup every 5 minutes
2025-07-25 08:33:56.343 [AIOT-BE] INFO: 🚀 Winston Logger initialized {"environment":"development","logLevel":"debug","consoleOutput":true,"fileOutput":true,"logDirectory":"/app/be/logs"}
2025-07-25 08:33:56.345 [AIOT-BE] INFO: ProgressService initialized with periodic cleanup every 5 minutes
2025-07-25 08:34:01.258 [AIOT-BE] INFO: 🚀 Winston Logger initialized {"environment":"development","logLevel":"debug","consoleOutput":true,"fileOutput":true,"logDirectory":"/app/be/logs"}
2025-07-25 08:34:01.260 [AIOT-BE] INFO: ProgressService initialized with periodic cleanup every 5 minutes
2025-07-25 08:34:35.414 [AIOT-BE] INFO: 🚀 Winston Logger initialized {"environment":"development","logLevel":"debug","consoleOutput":true,"fileOutput":true,"logDirectory":"/app/be/logs"}
2025-07-25 08:34:35.416 [AIOT-BE] INFO: ProgressService initialized with periodic cleanup every 5 minutes
2025-07-25 08:34:46.488 [AIOT-BE] INFO: 🚀 Winston Logger initialized {"environment":"development","logLevel":"debug","consoleOutput":true,"fileOutput":true,"logDirectory":"/app/be/logs"}
2025-07-25 08:34:46.490 [AIOT-BE] INFO: ProgressService initialized with periodic cleanup every 5 minutes
2025-07-25 08:34:51.193 [AIOT-BE] INFO: 🚀 Winston Logger initialized {"environment":"development","logLevel":"debug","consoleOutput":true,"fileOutput":true,"logDirectory":"/app/be/logs"}
2025-07-25 08:34:51.195 [AIOT-BE] INFO: ProgressService initialized with periodic cleanup every 5 minutes
2025-07-25 08:34:56.263 [AIOT-BE] INFO: 🚀 Winston Logger initialized {"environment":"development","logLevel":"debug","consoleOutput":true,"fileOutput":true,"logDirectory":"/app/be/logs"}
2025-07-25 08:34:56.266 [AIOT-BE] INFO: ProgressService initialized with periodic cleanup every 5 minutes
2025-07-25 08:35:01.499 [AIOT-BE] INFO: 🚀 Winston Logger initialized {"environment":"development","logLevel":"debug","consoleOutput":true,"fileOutput":true,"logDirectory":"/app/be/logs"}
2025-07-25 08:35:01.501 [AIOT-BE] INFO: ProgressService initialized with periodic cleanup every 5 minutes
2025-07-25 08:35:07.430 [AIOT-BE] INFO: 🚀 Winston Logger initialized {"environment":"development","logLevel":"debug","consoleOutput":true,"fileOutput":true,"logDirectory":"/app/be/logs"}
2025-07-25 08:35:07.432 [AIOT-BE] INFO: ProgressService initialized with periodic cleanup every 5 minutes
2025-07-25 08:35:14.023 [AIOT-BE] INFO: 🚀 Winston Logger initialized {"environment":"development","logLevel":"debug","consoleOutput":true,"fileOutput":true,"logDirectory":"/app/be/logs"}
2025-07-25 08:35:14.025 [AIOT-BE] INFO: ProgressService initialized with periodic cleanup every 5 minutes
2025-07-25 08:35:49.860 [AIOT-BE] INFO: 🚀 Winston Logger initialized {"environment":"development","logLevel":"debug","consoleOutput":true,"fileOutput":true,"logDirectory":"/app/be/logs"}
2025-07-25 08:35:49.862 [AIOT-BE] INFO: ProgressService initialized with periodic cleanup every 5 minutes
2025-07-25 08:35:54.701 [AIOT-BE] INFO: 🚀 Winston Logger initialized {"environment":"development","logLevel":"debug","consoleOutput":true,"fileOutput":true,"logDirectory":"/app/be/logs"}
2025-07-25 08:35:54.705 [AIOT-BE] INFO: ProgressService initialized with periodic cleanup every 5 minutes
2025-07-25 08:36:00.456 [AIOT-BE] INFO: 🚀 Winston Logger initialized {"environment":"development","logLevel":"debug","consoleOutput":true,"fileOutput":true,"logDirectory":"/app/be/logs"}
2025-07-25 08:36:00.459 [AIOT-BE] INFO: ProgressService initialized with periodic cleanup every 5 minutes
2025-07-25 08:36:06.805 [AIOT-BE] INFO: 🚀 Winston Logger initialized {"environment":"development","logLevel":"debug","consoleOutput":true,"fileOutput":true,"logDirectory":"/app/be/logs"}
2025-07-25 08:36:06.807 [AIOT-BE] INFO: ProgressService initialized with periodic cleanup every 5 minutes
2025-07-25 08:36:10.911 [AIOT-BE] INFO: 🚀 Winston Logger initialized {"environment":"development","logLevel":"debug","consoleOutput":true,"fileOutput":true,"logDirectory":"/app/be/logs"}
2025-07-25 08:36:10.914 [AIOT-BE] INFO: ProgressService initialized with periodic cleanup every 5 minutes
2025-07-25 08:39:49.104 [AIOT-BE] INFO: 🚀 Winston Logger initialized {"environment":"development","logLevel":"debug","consoleOutput":true,"fileOutput":true,"logDirectory":"/app/be/logs"}
2025-07-25 08:39:49.106 [AIOT-BE] INFO: ProgressService initialized with periodic cleanup every 5 minutes
2025-07-25 08:39:55.563 [AIOT-BE] INFO: 🚀 Winston Logger initialized {"environment":"development","logLevel":"debug","consoleOutput":true,"fileOutput":true,"logDirectory":"/app/be/logs"}
2025-07-25 08:39:55.565 [AIOT-BE] INFO: ProgressService initialized with periodic cleanup every 5 minutes
2025-07-25 08:40:04.443 [AIOT-BE] INFO: 🚀 Winston Logger initialized {"environment":"development","logLevel":"debug","consoleOutput":true,"fileOutput":true,"logDirectory":"/app/be/logs"}
2025-07-25 08:40:04.446 [AIOT-BE] INFO: ProgressService initialized with periodic cleanup every 5 minutes
2025-07-25 08:41:06.810 [AIOT-BE] INFO: 🚀 Winston Logger initialized {"environment":"development","logLevel":"debug","consoleOutput":true,"fileOutput":true,"logDirectory":"/app/be/logs"}
2025-07-25 08:41:06.814 [AIOT-BE] INFO: ProgressService initialized with periodic cleanup every 5 minutes
2025-07-25 08:41:13.915 [AIOT-BE] INFO: 🚀 Winston Logger initialized {"environment":"development","logLevel":"debug","consoleOutput":true,"fileOutput":true,"logDirectory":"/app/be/logs"}
2025-07-25 08:41:13.917 [AIOT-BE] INFO: ProgressService initialized with periodic cleanup every 5 minutes
2025-07-25 08:41:19.379 [AIOT-BE] INFO: 🚀 Winston Logger initialized {"environment":"development","logLevel":"debug","consoleOutput":true,"fileOutput":true,"logDirectory":"/app/be/logs"}
2025-07-25 08:41:19.381 [AIOT-BE] INFO: ProgressService initialized with periodic cleanup every 5 minutes
2025-07-25 08:41:24.311 [AIOT-BE] INFO: 🚀 Winston Logger initialized {"environment":"development","logLevel":"debug","consoleOutput":true,"fileOutput":true,"logDirectory":"/app/be/logs"}
2025-07-25 08:41:24.313 [AIOT-BE] INFO: ProgressService initialized with periodic cleanup every 5 minutes
2025-07-25 08:41:30.351 [AIOT-BE] INFO: 🚀 Winston Logger initialized {"environment":"development","logLevel":"debug","consoleOutput":true,"fileOutput":true,"logDirectory":"/app/be/logs"}
2025-07-25 08:41:30.354 [AIOT-BE] INFO: ProgressService initialized with periodic cleanup every 5 minutes
2025-07-25 08:41:37.187 [AIOT-BE] INFO: 🚀 Winston Logger initialized {"environment":"development","logLevel":"debug","consoleOutput":true,"fileOutput":true,"logDirectory":"/app/be/logs"}
2025-07-25 08:41:37.189 [AIOT-BE] INFO: ProgressService initialized with periodic cleanup every 5 minutes
2025-07-25 08:41:45.204 [AIOT-BE] INFO: 🚀 Winston Logger initialized {"environment":"development","logLevel":"debug","consoleOutput":true,"fileOutput":true,"logDirectory":"/app/be/logs"}
2025-07-25 08:41:45.206 [AIOT-BE] INFO: ProgressService initialized with periodic cleanup every 5 minutes
2025-07-25 08:41:55.571 [AIOT-BE] INFO: 🚀 Winston Logger initialized {"environment":"development","logLevel":"debug","consoleOutput":true,"fileOutput":true,"logDirectory":"/app/be/logs"}
2025-07-25 08:41:55.573 [AIOT-BE] INFO: ProgressService initialized with periodic cleanup every 5 minutes
2025-07-25 08:42:00.457 [AIOT-BE] INFO: 🚀 Winston Logger initialized {"environment":"development","logLevel":"debug","consoleOutput":true,"fileOutput":true,"logDirectory":"/app/be/logs"}
2025-07-25 08:42:00.460 [AIOT-BE] INFO: ProgressService initialized with periodic cleanup every 5 minutes
2025-07-25 08:42:05.486 [AIOT-BE] INFO: 🚀 Winston Logger initialized {"environment":"development","logLevel":"debug","consoleOutput":true,"fileOutput":true,"logDirectory":"/app/be/logs"}
2025-07-25 08:42:05.488 [AIOT-BE] INFO: ProgressService initialized with periodic cleanup every 5 minutes
2025-07-25 08:42:11.817 [AIOT-BE] INFO: 🚀 Winston Logger initialized {"environment":"development","logLevel":"debug","consoleOutput":true,"fileOutput":true,"logDirectory":"/app/be/logs"}
2025-07-25 08:42:11.820 [AIOT-BE] INFO: ProgressService initialized with periodic cleanup every 5 minutes
2025-07-25 08:42:16.978 [AIOT-BE] INFO: 🚀 Winston Logger initialized {"environment":"development","logLevel":"debug","consoleOutput":true,"fileOutput":true,"logDirectory":"/app/be/logs"}
2025-07-25 08:42:16.981 [AIOT-BE] INFO: ProgressService initialized with periodic cleanup every 5 minutes
2025-07-25 08:42:21.607 [AIOT-BE] INFO: 🚀 Winston Logger initialized {"environment":"development","logLevel":"debug","consoleOutput":true,"fileOutput":true,"logDirectory":"/app/be/logs"}
2025-07-25 08:42:21.610 [AIOT-BE] INFO: ProgressService initialized with periodic cleanup every 5 minutes
2025-07-25 08:42:29.786 [AIOT-BE] INFO: 🚀 Winston Logger initialized {"environment":"development","logLevel":"debug","consoleOutput":true,"fileOutput":true,"logDirectory":"/app/be/logs"}
2025-07-25 08:42:29.788 [AIOT-BE] INFO: ProgressService initialized with periodic cleanup every 5 minutes
2025-07-25 08:42:35.230 [AIOT-BE] INFO: 🚀 Winston Logger initialized {"environment":"development","logLevel":"debug","consoleOutput":true,"fileOutput":true,"logDirectory":"/app/be/logs"}
2025-07-25 08:42:35.233 [AIOT-BE] INFO: ProgressService initialized with periodic cleanup every 5 minutes
2025-07-25 08:42:42.018 [AIOT-BE] INFO: 🚀 Winston Logger initialized {"environment":"development","logLevel":"debug","consoleOutput":true,"fileOutput":true,"logDirectory":"/app/be/logs"}
2025-07-25 08:42:42.020 [AIOT-BE] INFO: ProgressService initialized with periodic cleanup every 5 minutes
2025-07-25 08:43:22.288 [AIOT-BE] INFO: 🚀 Winston Logger initialized {"environment":"development","logLevel":"debug","consoleOutput":true,"fileOutput":true,"logDirectory":"/app/be/logs"}
2025-07-25 08:43:22.291 [AIOT-BE] INFO: ProgressService initialized with periodic cleanup every 5 minutes
2025-07-25 08:43:28.380 [AIOT-BE] INFO: 🚀 Winston Logger initialized {"environment":"development","logLevel":"debug","consoleOutput":true,"fileOutput":true,"logDirectory":"/app/be/logs"}
2025-07-25 08:43:28.383 [AIOT-BE] INFO: ProgressService initialized with periodic cleanup every 5 minutes
2025-07-25 08:43:34.146 [AIOT-BE] INFO: 🚀 Winston Logger initialized {"environment":"development","logLevel":"debug","consoleOutput":true,"fileOutput":true,"logDirectory":"/app/be/logs"}
2025-07-25 08:43:34.148 [AIOT-BE] INFO: ProgressService initialized with periodic cleanup every 5 minutes
2025-07-25 08:43:39.027 [AIOT-BE] INFO: 🚀 Winston Logger initialized {"environment":"development","logLevel":"debug","consoleOutput":true,"fileOutput":true,"logDirectory":"/app/be/logs"}
2025-07-25 08:43:39.030 [AIOT-BE] INFO: ProgressService initialized with periodic cleanup every 5 minutes
2025-07-25 08:43:46.230 [AIOT-BE] INFO: 🚀 Winston Logger initialized {"environment":"development","logLevel":"debug","consoleOutput":true,"fileOutput":true,"logDirectory":"/app/be/logs"}
2025-07-25 08:43:46.233 [AIOT-BE] INFO: ProgressService initialized with periodic cleanup every 5 minutes
2025-07-25 08:43:52.279 [AIOT-BE] INFO: 🚀 Winston Logger initialized {"environment":"development","logLevel":"debug","consoleOutput":true,"fileOutput":true,"logDirectory":"/app/be/logs"}
2025-07-25 08:43:52.283 [AIOT-BE] INFO: ProgressService initialized with periodic cleanup every 5 minutes
2025-07-25 08:43:57.044 [AIOT-BE] INFO: 🚀 Winston Logger initialized {"environment":"development","logLevel":"debug","consoleOutput":true,"fileOutput":true,"logDirectory":"/app/be/logs"}
2025-07-25 08:43:57.047 [AIOT-BE] INFO: ProgressService initialized with periodic cleanup every 5 minutes
2025-07-25 08:44:02.086 [AIOT-BE] INFO: 🚀 Winston Logger initialized {"environment":"development","logLevel":"debug","consoleOutput":true,"fileOutput":true,"logDirectory":"/app/be/logs"}
2025-07-25 08:44:02.088 [AIOT-BE] INFO: ProgressService initialized with periodic cleanup every 5 minutes
2025-07-25 08:44:06.862 [AIOT-BE] INFO: 🚀 Winston Logger initialized {"environment":"development","logLevel":"debug","consoleOutput":true,"fileOutput":true,"logDirectory":"/app/be/logs"}
2025-07-25 08:44:06.865 [AIOT-BE] INFO: ProgressService initialized with periodic cleanup every 5 minutes
2025-07-25 08:44:14.678 [AIOT-BE] INFO: 🚀 Winston Logger initialized {"environment":"development","logLevel":"debug","consoleOutput":true,"fileOutput":true,"logDirectory":"/app/be/logs"}
2025-07-25 08:44:14.680 [AIOT-BE] INFO: ProgressService initialized with periodic cleanup every 5 minutes
2025-07-25 08:44:20.312 [AIOT-BE] INFO: 🚀 Winston Logger initialized {"environment":"development","logLevel":"debug","consoleOutput":true,"fileOutput":true,"logDirectory":"/app/be/logs"}
2025-07-25 08:44:20.315 [AIOT-BE] INFO: ProgressService initialized with periodic cleanup every 5 minutes
2025-07-25 08:44:25.656 [AIOT-BE] INFO: 🚀 Winston Logger initialized {"environment":"development","logLevel":"debug","consoleOutput":true,"fileOutput":true,"logDirectory":"/app/be/logs"}
2025-07-25 08:44:25.658 [AIOT-BE] INFO: ProgressService initialized with periodic cleanup every 5 minutes
2025-07-25 08:53:47.756 [AIOT-BE] INFO: 🚀 Winston Logger initialized {"environment":"development","logLevel":"debug","consoleOutput":true,"fileOutput":true,"logDirectory":"/app/be/logs"}
2025-07-25 08:53:47.758 [AIOT-BE] INFO: ProgressService initialized with periodic cleanup every 5 minutes
2025-07-25 08:54:07.287 [AIOT-BE] INFO: 🚀 Winston Logger initialized {"environment":"development","logLevel":"debug","consoleOutput":true,"fileOutput":true,"logDirectory":"/app/be/logs"}
2025-07-25 08:54:07.290 [AIOT-BE] INFO: ProgressService initialized with periodic cleanup every 5 minutes
2025-07-25 08:54:14.843 [AIOT-BE] INFO: 🚀 Winston Logger initialized {"environment":"development","logLevel":"debug","consoleOutput":true,"fileOutput":true,"logDirectory":"/app/be/logs"}
2025-07-25 08:54:14.845 [AIOT-BE] INFO: ProgressService initialized with periodic cleanup every 5 minutes
2025-07-25 08:54:26.367 [AIOT-BE] INFO: 🚀 Winston Logger initialized {"environment":"development","logLevel":"debug","consoleOutput":true,"fileOutput":true,"logDirectory":"/app/be/logs"}
2025-07-25 08:54:26.369 [AIOT-BE] INFO: ProgressService initialized with periodic cleanup every 5 minutes
2025-07-25 08:54:35.610 [AIOT-BE] INFO: 🚀 Winston Logger initialized {"environment":"development","logLevel":"debug","consoleOutput":true,"fileOutput":true,"logDirectory":"/app/be/logs"}
2025-07-25 08:54:35.613 [AIOT-BE] INFO: ProgressService initialized with periodic cleanup every 5 minutes
2025-07-25 08:54:42.608 [AIOT-BE] INFO: 🚀 Winston Logger initialized {"environment":"development","logLevel":"debug","consoleOutput":true,"fileOutput":true,"logDirectory":"/app/be/logs"}
2025-07-25 08:54:42.611 [AIOT-BE] INFO: ProgressService initialized with periodic cleanup every 5 minutes
2025-07-25 08:56:37.014 [AIOT-BE] INFO: 🚀 Winston Logger initialized {"environment":"development","logLevel":"debug","consoleOutput":true,"fileOutput":true,"logDirectory":"/app/be/logs"}
2025-07-25 08:56:37.016 [AIOT-BE] INFO: ProgressService initialized with periodic cleanup every 5 minutes
2025-07-25 08:56:44.154 [AIOT-BE] INFO: 🚀 Winston Logger initialized {"environment":"development","logLevel":"debug","consoleOutput":true,"fileOutput":true,"logDirectory":"/app/be/logs"}
2025-07-25 08:56:44.157 [AIOT-BE] INFO: ProgressService initialized with periodic cleanup every 5 minutes
2025-07-25 08:57:00.968 [AIOT-BE] INFO: 🚀 Winston Logger initialized {"environment":"development","logLevel":"debug","consoleOutput":true,"fileOutput":true,"logDirectory":"/app/be/logs"}
2025-07-25 08:57:00.970 [AIOT-BE] INFO: ProgressService initialized with periodic cleanup every 5 minutes
2025-07-25 08:57:06.150 [AIOT-BE] INFO: 🚀 Winston Logger initialized {"environment":"development","logLevel":"debug","consoleOutput":true,"fileOutput":true,"logDirectory":"/app/be/logs"}
2025-07-25 08:57:06.152 [AIOT-BE] INFO: ProgressService initialized with periodic cleanup every 5 minutes
2025-07-25 08:57:10.714 [AIOT-BE] INFO: 🚀 Winston Logger initialized {"environment":"development","logLevel":"debug","consoleOutput":true,"fileOutput":true,"logDirectory":"/app/be/logs"}
2025-07-25 08:57:10.716 [AIOT-BE] INFO: ProgressService initialized with periodic cleanup every 5 minutes
2025-07-25 08:57:15.014 [AIOT-BE] INFO: 🚀 Winston Logger initialized {"environment":"development","logLevel":"debug","consoleOutput":true,"fileOutput":true,"logDirectory":"/app/be/logs"}
2025-07-25 08:57:15.017 [AIOT-BE] INFO: ProgressService initialized with periodic cleanup every 5 minutes
2025-07-25 08:57:28.718 [AIOT-BE] INFO: 🚀 Winston Logger initialized {"environment":"development","logLevel":"debug","consoleOutput":true,"fileOutput":true,"logDirectory":"/app/be/logs"}
2025-07-25 08:57:28.720 [AIOT-BE] INFO: ProgressService initialized with periodic cleanup every 5 minutes
2025-07-25 08:57:33.629 [AIOT-BE] INFO: 🚀 Winston Logger initialized {"environment":"development","logLevel":"debug","consoleOutput":true,"fileOutput":true,"logDirectory":"/app/be/logs"}
2025-07-25 08:57:33.631 [AIOT-BE] INFO: ProgressService initialized with periodic cleanup every 5 minutes
2025-07-25 08:57:38.559 [AIOT-BE] INFO: 🚀 Winston Logger initialized {"environment":"development","logLevel":"debug","consoleOutput":true,"fileOutput":true,"logDirectory":"/app/be/logs"}
2025-07-25 08:57:38.563 [AIOT-BE] INFO: ProgressService initialized with periodic cleanup every 5 minutes
2025-07-25 08:57:46.490 [AIOT-BE] INFO: 🚀 Winston Logger initialized {"environment":"development","logLevel":"debug","consoleOutput":true,"fileOutput":true,"logDirectory":"/app/be/logs"}
2025-07-25 08:57:46.492 [AIOT-BE] INFO: ProgressService initialized with periodic cleanup every 5 minutes
2025-07-25 08:58:00.498 [AIOT-BE] INFO: 🚀 Winston Logger initialized {"environment":"development","logLevel":"debug","consoleOutput":true,"fileOutput":true,"logDirectory":"/app/be/logs"}
2025-07-25 08:58:00.500 [AIOT-BE] INFO: ProgressService initialized with periodic cleanup every 5 minutes
2025-07-25 08:58:06.173 [AIOT-BE] INFO: 🚀 Winston Logger initialized {"environment":"development","logLevel":"debug","consoleOutput":true,"fileOutput":true,"logDirectory":"/app/be/logs"}
2025-07-25 08:58:06.176 [AIOT-BE] INFO: ProgressService initialized with periodic cleanup every 5 minutes
2025-07-25 08:59:27.067 [AIOT-BE] INFO: 🚀 Winston Logger initialized {"environment":"development","logLevel":"debug","consoleOutput":true,"fileOutput":true,"logDirectory":"/app/be/logs"}
2025-07-25 08:59:27.069 [AIOT-BE] INFO: ProgressService initialized with periodic cleanup every 5 minutes
2025-07-25 08:59:35.185 [AIOT-BE] INFO: 🚀 Winston Logger initialized {"environment":"development","logLevel":"debug","consoleOutput":true,"fileOutput":true,"logDirectory":"/app/be/logs"}
2025-07-25 08:59:35.188 [AIOT-BE] INFO: ProgressService initialized with periodic cleanup every 5 minutes
2025-07-25 08:59:40.184 [AIOT-BE] INFO: 🚀 Winston Logger initialized {"environment":"development","logLevel":"debug","consoleOutput":true,"fileOutput":true,"logDirectory":"/app/be/logs"}
2025-07-25 08:59:40.187 [AIOT-BE] INFO: ProgressService initialized with periodic cleanup every 5 minutes
2025-07-25 09:06:02.875 [AIOT-BE] INFO: 🚀 Winston Logger initialized {"environment":"development","logLevel":"debug","consoleOutput":true,"fileOutput":true,"logDirectory":"/app/be/logs"}
2025-07-25 09:06:02.877 [AIOT-BE] INFO: ProgressService initialized with periodic cleanup every 5 minutes
2025-07-25 09:06:15.418 [AIOT-BE] INFO: 🚀 Winston Logger initialized {"environment":"development","logLevel":"debug","consoleOutput":true,"fileOutput":true,"logDirectory":"/app/be/logs"}
2025-07-25 09:06:15.421 [AIOT-BE] INFO: ProgressService initialized with periodic cleanup every 5 minutes
2025-07-25 09:06:24.635 [AIOT-BE] INFO: 🚀 Winston Logger initialized {"environment":"development","logLevel":"debug","consoleOutput":true,"fileOutput":true,"logDirectory":"/app/be/logs"}
2025-07-25 09:06:24.637 [AIOT-BE] INFO: ProgressService initialized with periodic cleanup every 5 minutes
2025-07-25 09:06:36.049 [AIOT-BE] INFO: 🚀 Winston Logger initialized {"environment":"development","logLevel":"debug","consoleOutput":true,"fileOutput":true,"logDirectory":"/app/be/logs"}
2025-07-25 09:06:36.051 [AIOT-BE] INFO: ProgressService initialized with periodic cleanup every 5 minutes
2025-07-25 09:07:00.483 [AIOT-BE] INFO: 🚀 Winston Logger initialized {"environment":"development","logLevel":"debug","consoleOutput":true,"fileOutput":true,"logDirectory":"/app/be/logs"}
2025-07-25 09:07:00.485 [AIOT-BE] INFO: ProgressService initialized with periodic cleanup every 5 minutes
2025-07-25 09:07:07.984 [AIOT-BE] INFO: 🚀 Winston Logger initialized {"environment":"development","logLevel":"debug","consoleOutput":true,"fileOutput":true,"logDirectory":"/app/be/logs"}
2025-07-25 09:07:07.987 [AIOT-BE] INFO: ProgressService initialized with periodic cleanup every 5 minutes
2025-07-25 09:07:13.943 [AIOT-BE] INFO: 🚀 Winston Logger initialized {"environment":"development","logLevel":"debug","consoleOutput":true,"fileOutput":true,"logDirectory":"/app/be/logs"}
2025-07-25 09:07:13.945 [AIOT-BE] INFO: ProgressService initialized with periodic cleanup every 5 minutes
2025-07-25 09:07:19.386 [AIOT-BE] INFO: 🚀 Winston Logger initialized {"environment":"development","logLevel":"debug","consoleOutput":true,"fileOutput":true,"logDirectory":"/app/be/logs"}
2025-07-25 09:07:19.388 [AIOT-BE] INFO: ProgressService initialized with periodic cleanup every 5 minutes
2025-07-25 09:08:41.420 [AIOT-BE] INFO: 🚀 Winston Logger initialized {"environment":"development","logLevel":"debug","consoleOutput":true,"fileOutput":true,"logDirectory":"/app/be/logs"}
2025-07-25 09:08:41.423 [AIOT-BE] INFO: ProgressService initialized with periodic cleanup every 5 minutes
2025-07-25 09:08:49.492 [AIOT-BE] INFO: 🚀 Winston Logger initialized {"environment":"development","logLevel":"debug","consoleOutput":true,"fileOutput":true,"logDirectory":"/app/be/logs"}
2025-07-25 09:08:49.495 [AIOT-BE] INFO: ProgressService initialized with periodic cleanup every 5 minutes
2025-07-25 09:08:54.129 [AIOT-BE] INFO: 🚀 Winston Logger initialized {"environment":"development","logLevel":"debug","consoleOutput":true,"fileOutput":true,"logDirectory":"/app/be/logs"}
2025-07-25 09:08:54.131 [AIOT-BE] INFO: ProgressService initialized with periodic cleanup every 5 minutes
2025-07-25 09:08:58.919 [AIOT-BE] INFO: 🚀 Winston Logger initialized {"environment":"development","logLevel":"debug","consoleOutput":true,"fileOutput":true,"logDirectory":"/app/be/logs"}
2025-07-25 09:08:58.922 [AIOT-BE] INFO: ProgressService initialized with periodic cleanup every 5 minutes
2025-07-25 09:10:24.696 [AIOT-BE] INFO: 🚀 Winston Logger initialized {"environment":"development","logLevel":"debug","consoleOutput":true,"fileOutput":true,"logDirectory":"/app/be/logs"}
2025-07-25 09:10:24.699 [AIOT-BE] INFO: ProgressService initialized with periodic cleanup every 5 minutes
2025-07-25 09:10:28.775 [AIOT-BE] INFO: 🚀 Winston Logger initialized {"environment":"development","logLevel":"debug","consoleOutput":true,"fileOutput":true,"logDirectory":"/app/be/logs"}
2025-07-25 09:10:28.777 [AIOT-BE] INFO: ProgressService initialized with periodic cleanup every 5 minutes
2025-07-25 09:10:34.114 [AIOT-BE] INFO: 🚀 Winston Logger initialized {"environment":"development","logLevel":"debug","consoleOutput":true,"fileOutput":true,"logDirectory":"/app/be/logs"}
2025-07-25 09:10:34.117 [AIOT-BE] INFO: ProgressService initialized with periodic cleanup every 5 minutes
2025-07-25 09:10:46.951 [AIOT-BE] INFO: 🚀 Winston Logger initialized {"environment":"development","logLevel":"debug","consoleOutput":true,"fileOutput":true,"logDirectory":"/app/be/logs"}
2025-07-25 09:10:46.953 [AIOT-BE] INFO: ProgressService initialized with periodic cleanup every 5 minutes
2025-07-25 09:10:50.604 [AIOT-BE] INFO: 🚀 Winston Logger initialized {"environment":"development","logLevel":"debug","consoleOutput":true,"fileOutput":true,"logDirectory":"/app/be/logs"}
2025-07-25 09:10:50.606 [AIOT-BE] INFO: ProgressService initialized with periodic cleanup every 5 minutes
2025-07-25 09:10:54.352 [AIOT-BE] INFO: 🚀 Winston Logger initialized {"environment":"development","logLevel":"debug","consoleOutput":true,"fileOutput":true,"logDirectory":"/app/be/logs"}
2025-07-25 09:10:54.354 [AIOT-BE] INFO: ProgressService initialized with periodic cleanup every 5 minutes
2025-07-25 09:11:07.274 [AIOT-BE] INFO: 🚀 Winston Logger initialized {"environment":"development","logLevel":"debug","consoleOutput":true,"fileOutput":true,"logDirectory":"/app/be/logs"}
2025-07-25 09:11:07.276 [AIOT-BE] INFO: ProgressService initialized with periodic cleanup every 5 minutes
