2025-07-23 12:14:37.804 [AIOT-BE] WARN: Permission check: permission.read for user 1 - DENIED {"userId":1,"permission":"permission.read","result":false,"userRoles":["admin"],"userPermissions":["user:create","user:read","user:update","user:delete","role:create","role:read","role:update","role:delete","permission:create","permission:read","permission:update","permission:delete","data:view","data:edit","data:delete","rtk:read","rtk:create","rtk:update","rtk:delete","system:admin"]}
2025-07-23 12:14:37.805 [AIOT-BE] WARN: Access denied for user 1 - Missing permission: permission.read
2025-07-23 12:14:37.815 [AIOT-BE] WARN: Permission check: user.read for user 1 - DENIED {"userId":1,"permission":"user.read","result":false,"userRoles":["admin"],"userPermissions":["user:create","user:read","user:update","user:delete","role:create","role:read","role:update","role:delete","permission:create","permission:read","permission:update","permission:delete","data:view","data:edit","data:delete","rtk:read","rtk:create","rtk:update","rtk:delete","system:admin"]}
2025-07-23 12:14:37.816 [AIOT-BE] WARN: Permission check: role.read for user 1 - DENIED {"userId":1,"permission":"role.read","result":false,"userRoles":["admin"],"userPermissions":["user:create","user:read","user:update","user:delete","role:create","role:read","role:update","role:delete","permission:create","permission:read","permission:update","permission:delete","data:view","data:edit","data:delete","rtk:read","rtk:create","rtk:update","rtk:delete","system:admin"]}
2025-07-23 12:14:37.817 [AIOT-BE] WARN: Access denied for user 1 - Missing permission: user.read
2025-07-23 12:14:37.818 [AIOT-BE] WARN: Access denied for user 1 - Missing permission: role.read
2025-07-23 12:14:37.832 [AIOT-BE] WARN: Permission check: role.read for user 1 - DENIED {"userId":1,"permission":"role.read","result":false,"userRoles":["admin"],"userPermissions":["user:create","user:read","user:update","user:delete","role:create","role:read","role:update","role:delete","permission:create","permission:read","permission:update","permission:delete","data:view","data:edit","data:delete","rtk:read","rtk:create","rtk:update","rtk:delete","system:admin"]}
2025-07-23 12:14:37.832 [AIOT-BE] WARN: Permission check: user.read for user 1 - DENIED {"userId":1,"permission":"user.read","result":false,"userRoles":["admin"],"userPermissions":["user:create","user:read","user:update","user:delete","role:create","role:read","role:update","role:delete","permission:create","permission:read","permission:update","permission:delete","data:view","data:edit","data:delete","rtk:read","rtk:create","rtk:update","rtk:delete","system:admin"]}
2025-07-23 12:14:37.833 [AIOT-BE] WARN: Access denied for user 1 - Missing permission: role.read
2025-07-23 12:14:37.833 [AIOT-BE] WARN: Access denied for user 1 - Missing permission: user.read
2025-07-23 12:21:38.264 [AIOT-BE] WARN: Permission check: role.read for user 1 - DENIED {"userId":1,"permission":"role.read","result":false,"userRoles":["admin"],"userPermissions":["user:create","user:read","user:update","user:delete","role:create","role:read","role:update","role:delete","permission:create","permission:read","permission:update","permission:delete","data:view","data:edit","data:delete","rtk:read","rtk:create","rtk:update","rtk:delete","system:admin"]}
2025-07-23 12:21:38.264 [AIOT-BE] WARN: Permission check: permission.read for user 1 - DENIED {"userId":1,"permission":"permission.read","result":false,"userRoles":["admin"],"userPermissions":["user:create","user:read","user:update","user:delete","role:create","role:read","role:update","role:delete","permission:create","permission:read","permission:update","permission:delete","data:view","data:edit","data:delete","rtk:read","rtk:create","rtk:update","rtk:delete","system:admin"]}
2025-07-23 12:21:38.265 [AIOT-BE] WARN: Permission check: user.read for user 1 - DENIED {"userId":1,"permission":"user.read","result":false,"userRoles":["admin"],"userPermissions":["user:create","user:read","user:update","user:delete","role:create","role:read","role:update","role:delete","permission:create","permission:read","permission:update","permission:delete","data:view","data:edit","data:delete","rtk:read","rtk:create","rtk:update","rtk:delete","system:admin"]}
2025-07-23 12:21:38.265 [AIOT-BE] WARN: Access denied for user 1 - Missing permission: role.read
2025-07-23 12:21:38.266 [AIOT-BE] WARN: Access denied for user 1 - Missing permission: permission.read
2025-07-23 12:21:38.266 [AIOT-BE] WARN: Access denied for user 1 - Missing permission: user.read
2025-07-23 12:21:38.280 [AIOT-BE] WARN: Permission check: role.read for user 1 - DENIED {"userId":1,"permission":"role.read","result":false,"userRoles":["admin"],"userPermissions":["user:create","user:read","user:update","user:delete","role:create","role:read","role:update","role:delete","permission:create","permission:read","permission:update","permission:delete","data:view","data:edit","data:delete","rtk:read","rtk:create","rtk:update","rtk:delete","system:admin"]}
2025-07-23 12:21:38.281 [AIOT-BE] WARN: Access denied for user 1 - Missing permission: role.read
2025-07-23 12:21:38.281 [AIOT-BE] WARN: Permission check: user.read for user 1 - DENIED {"userId":1,"permission":"user.read","result":false,"userRoles":["admin"],"userPermissions":["user:create","user:read","user:update","user:delete","role:create","role:read","role:update","role:delete","permission:create","permission:read","permission:update","permission:delete","data:view","data:edit","data:delete","rtk:read","rtk:create","rtk:update","rtk:delete","system:admin"]}
2025-07-23 12:21:38.282 [AIOT-BE] WARN: Access denied for user 1 - Missing permission: user.read
2025-07-23 12:21:40.418 [AIOT-BE] WARN: Permission check: role.read for user 1 - DENIED {"userId":1,"permission":"role.read","result":false,"userRoles":["admin"],"userPermissions":["user:create","user:read","user:update","user:delete","role:create","role:read","role:update","role:delete","permission:create","permission:read","permission:update","permission:delete","data:view","data:edit","data:delete","rtk:read","rtk:create","rtk:update","rtk:delete","system:admin"]}
2025-07-23 12:21:40.418 [AIOT-BE] WARN: Access denied for user 1 - Missing permission: role.read
2025-07-23 12:21:40.419 [AIOT-BE] WARN: Permission check: permission.read for user 1 - DENIED {"userId":1,"permission":"permission.read","result":false,"userRoles":["admin"],"userPermissions":["user:create","user:read","user:update","user:delete","role:create","role:read","role:update","role:delete","permission:create","permission:read","permission:update","permission:delete","data:view","data:edit","data:delete","rtk:read","rtk:create","rtk:update","rtk:delete","system:admin"]}
2025-07-23 12:21:40.419 [AIOT-BE] WARN: Permission check: user.read for user 1 - DENIED {"userId":1,"permission":"user.read","result":false,"userRoles":["admin"],"userPermissions":["user:create","user:read","user:update","user:delete","role:create","role:read","role:update","role:delete","permission:create","permission:read","permission:update","permission:delete","data:view","data:edit","data:delete","rtk:read","rtk:create","rtk:update","rtk:delete","system:admin"]}
2025-07-23 12:21:40.420 [AIOT-BE] WARN: Access denied for user 1 - Missing permission: permission.read
2025-07-23 12:21:40.421 [AIOT-BE] WARN: Access denied for user 1 - Missing permission: user.read
2025-07-23 12:21:40.435 [AIOT-BE] WARN: Permission check: role.read for user 1 - DENIED {"userId":1,"permission":"role.read","result":false,"userRoles":["admin"],"userPermissions":["user:create","user:read","user:update","user:delete","role:create","role:read","role:update","role:delete","permission:create","permission:read","permission:update","permission:delete","data:view","data:edit","data:delete","rtk:read","rtk:create","rtk:update","rtk:delete","system:admin"]}
2025-07-23 12:21:40.436 [AIOT-BE] WARN: Permission check: user.read for user 1 - DENIED {"userId":1,"permission":"user.read","result":false,"userRoles":["admin"],"userPermissions":["user:create","user:read","user:update","user:delete","role:create","role:read","role:update","role:delete","permission:create","permission:read","permission:update","permission:delete","data:view","data:edit","data:delete","rtk:read","rtk:create","rtk:update","rtk:delete","system:admin"]}
2025-07-23 12:21:40.436 [AIOT-BE] WARN: Access denied for user 1 - Missing permission: role.read
2025-07-23 12:21:40.437 [AIOT-BE] WARN: Access denied for user 1 - Missing permission: user.read
2025-07-23 12:21:41.970 [AIOT-BE] WARN: Permission check: permission.read for user 1 - DENIED {"userId":1,"permission":"permission.read","result":false,"userRoles":["admin"],"userPermissions":["user:create","user:read","user:update","user:delete","role:create","role:read","role:update","role:delete","permission:create","permission:read","permission:update","permission:delete","data:view","data:edit","data:delete","rtk:read","rtk:create","rtk:update","rtk:delete","system:admin"]}
2025-07-23 12:21:41.971 [AIOT-BE] WARN: Access denied for user 1 - Missing permission: permission.read
2025-07-23 12:21:41.976 [AIOT-BE] WARN: Permission check: role.read for user 1 - DENIED {"userId":1,"permission":"role.read","result":false,"userRoles":["admin"],"userPermissions":["user:create","user:read","user:update","user:delete","role:create","role:read","role:update","role:delete","permission:create","permission:read","permission:update","permission:delete","data:view","data:edit","data:delete","rtk:read","rtk:create","rtk:update","rtk:delete","system:admin"]}
2025-07-23 12:21:41.976 [AIOT-BE] WARN: Permission check: user.read for user 1 - DENIED {"userId":1,"permission":"user.read","result":false,"userRoles":["admin"],"userPermissions":["user:create","user:read","user:update","user:delete","role:create","role:read","role:update","role:delete","permission:create","permission:read","permission:update","permission:delete","data:view","data:edit","data:delete","rtk:read","rtk:create","rtk:update","rtk:delete","system:admin"]}
2025-07-23 12:21:41.976 [AIOT-BE] WARN: Access denied for user 1 - Missing permission: role.read
2025-07-23 12:21:41.977 [AIOT-BE] WARN: Access denied for user 1 - Missing permission: user.read
2025-07-23 12:21:41.986 [AIOT-BE] WARN: Permission check: user.read for user 1 - DENIED {"userId":1,"permission":"user.read","result":false,"userRoles":["admin"],"userPermissions":["user:create","user:read","user:update","user:delete","role:create","role:read","role:update","role:delete","permission:create","permission:read","permission:update","permission:delete","data:view","data:edit","data:delete","rtk:read","rtk:create","rtk:update","rtk:delete","system:admin"]}
2025-07-23 12:21:41.986 [AIOT-BE] WARN: Permission check: role.read for user 1 - DENIED {"userId":1,"permission":"role.read","result":false,"userRoles":["admin"],"userPermissions":["user:create","user:read","user:update","user:delete","role:create","role:read","role:update","role:delete","permission:create","permission:read","permission:update","permission:delete","data:view","data:edit","data:delete","rtk:read","rtk:create","rtk:update","rtk:delete","system:admin"]}
2025-07-23 12:21:41.987 [AIOT-BE] WARN: Access denied for user 1 - Missing permission: user.read
2025-07-23 12:21:41.987 [AIOT-BE] WARN: Access denied for user 1 - Missing permission: role.read
2025-07-23 12:21:43.146 [AIOT-BE] WARN: Permission check: permission.read for user 1 - DENIED {"userId":1,"permission":"permission.read","result":false,"userRoles":["admin"],"userPermissions":["user:create","user:read","user:update","user:delete","role:create","role:read","role:update","role:delete","permission:create","permission:read","permission:update","permission:delete","data:view","data:edit","data:delete","rtk:read","rtk:create","rtk:update","rtk:delete","system:admin"]}
2025-07-23 12:21:43.146 [AIOT-BE] WARN: Access denied for user 1 - Missing permission: permission.read
2025-07-23 12:21:43.150 [AIOT-BE] WARN: Permission check: role.read for user 1 - DENIED {"userId":1,"permission":"role.read","result":false,"userRoles":["admin"],"userPermissions":["user:create","user:read","user:update","user:delete","role:create","role:read","role:update","role:delete","permission:create","permission:read","permission:update","permission:delete","data:view","data:edit","data:delete","rtk:read","rtk:create","rtk:update","rtk:delete","system:admin"]}
2025-07-23 12:21:43.150 [AIOT-BE] WARN: Access denied for user 1 - Missing permission: role.read
2025-07-23 12:21:43.164 [AIOT-BE] WARN: Permission check: user.read for user 1 - DENIED {"userId":1,"permission":"user.read","result":false,"userRoles":["admin"],"userPermissions":["user:create","user:read","user:update","user:delete","role:create","role:read","role:update","role:delete","permission:create","permission:read","permission:update","permission:delete","data:view","data:edit","data:delete","rtk:read","rtk:create","rtk:update","rtk:delete","system:admin"]}
2025-07-23 12:21:43.164 [AIOT-BE] WARN: Access denied for user 1 - Missing permission: user.read
2025-07-23 12:21:43.176 [AIOT-BE] WARN: Permission check: role.read for user 1 - DENIED {"userId":1,"permission":"role.read","result":false,"userRoles":["admin"],"userPermissions":["user:create","user:read","user:update","user:delete","role:create","role:read","role:update","role:delete","permission:create","permission:read","permission:update","permission:delete","data:view","data:edit","data:delete","rtk:read","rtk:create","rtk:update","rtk:delete","system:admin"]}
2025-07-23 12:21:43.176 [AIOT-BE] WARN: Permission check: user.read for user 1 - DENIED {"userId":1,"permission":"user.read","result":false,"userRoles":["admin"],"userPermissions":["user:create","user:read","user:update","user:delete","role:create","role:read","role:update","role:delete","permission:create","permission:read","permission:update","permission:delete","data:view","data:edit","data:delete","rtk:read","rtk:create","rtk:update","rtk:delete","system:admin"]}
2025-07-23 12:21:43.176 [AIOT-BE] WARN: Access denied for user 1 - Missing permission: role.read
2025-07-23 12:21:43.177 [AIOT-BE] WARN: Access denied for user 1 - Missing permission: user.read
2025-07-23 12:21:45.286 [AIOT-BE] WARN: Permission check: permission.read for user 1 - DENIED {"userId":1,"permission":"permission.read","result":false,"userRoles":["admin"],"userPermissions":["user:create","user:read","user:update","user:delete","role:create","role:read","role:update","role:delete","permission:create","permission:read","permission:update","permission:delete","data:view","data:edit","data:delete","rtk:read","rtk:create","rtk:update","rtk:delete","system:admin"]}
2025-07-23 12:21:45.286 [AIOT-BE] WARN: Access denied for user 1 - Missing permission: permission.read
2025-07-23 12:21:45.300 [AIOT-BE] WARN: Permission check: role.read for user 1 - DENIED {"userId":1,"permission":"role.read","result":false,"userRoles":["admin"],"userPermissions":["user:create","user:read","user:update","user:delete","role:create","role:read","role:update","role:delete","permission:create","permission:read","permission:update","permission:delete","data:view","data:edit","data:delete","rtk:read","rtk:create","rtk:update","rtk:delete","system:admin"]}
2025-07-23 12:21:45.300 [AIOT-BE] WARN: Access denied for user 1 - Missing permission: role.read
2025-07-23 12:21:45.308 [AIOT-BE] WARN: Permission check: user.read for user 1 - DENIED {"userId":1,"permission":"user.read","result":false,"userRoles":["admin"],"userPermissions":["user:create","user:read","user:update","user:delete","role:create","role:read","role:update","role:delete","permission:create","permission:read","permission:update","permission:delete","data:view","data:edit","data:delete","rtk:read","rtk:create","rtk:update","rtk:delete","system:admin"]}
2025-07-23 12:21:45.308 [AIOT-BE] WARN: Access denied for user 1 - Missing permission: user.read
2025-07-23 12:21:45.317 [AIOT-BE] WARN: Permission check: role.read for user 1 - DENIED {"userId":1,"permission":"role.read","result":false,"userRoles":["admin"],"userPermissions":["user:create","user:read","user:update","user:delete","role:create","role:read","role:update","role:delete","permission:create","permission:read","permission:update","permission:delete","data:view","data:edit","data:delete","rtk:read","rtk:create","rtk:update","rtk:delete","system:admin"]}
2025-07-23 12:21:45.317 [AIOT-BE] WARN: Access denied for user 1 - Missing permission: role.read
2025-07-23 12:21:45.319 [AIOT-BE] WARN: Permission check: user.read for user 1 - DENIED {"userId":1,"permission":"user.read","result":false,"userRoles":["admin"],"userPermissions":["user:create","user:read","user:update","user:delete","role:create","role:read","role:update","role:delete","permission:create","permission:read","permission:update","permission:delete","data:view","data:edit","data:delete","rtk:read","rtk:create","rtk:update","rtk:delete","system:admin"]}
2025-07-23 12:21:45.320 [AIOT-BE] WARN: Access denied for user 1 - Missing permission: user.read
2025-07-23 12:22:02.213 [AIOT-BE] WARN: Permission check: permission.read for user 1 - DENIED {"userId":1,"permission":"permission.read","result":false,"userRoles":["admin"],"userPermissions":["user:create","user:read","user:update","user:delete","role:create","role:read","role:update","role:delete","permission:create","permission:read","permission:update","permission:delete","data:view","data:edit","data:delete","rtk:read","rtk:create","rtk:update","rtk:delete","system:admin"]}
2025-07-23 12:22:02.213 [AIOT-BE] WARN: Access denied for user 1 - Missing permission: permission.read
2025-07-23 12:22:02.214 [AIOT-BE] WARN: Permission check: user.read for user 1 - DENIED {"userId":1,"permission":"user.read","result":false,"userRoles":["admin"],"userPermissions":["user:create","user:read","user:update","user:delete","role:create","role:read","role:update","role:delete","permission:create","permission:read","permission:update","permission:delete","data:view","data:edit","data:delete","rtk:read","rtk:create","rtk:update","rtk:delete","system:admin"]}
2025-07-23 12:22:02.214 [AIOT-BE] WARN: Permission check: role.read for user 1 - DENIED {"userId":1,"permission":"role.read","result":false,"userRoles":["admin"],"userPermissions":["user:create","user:read","user:update","user:delete","role:create","role:read","role:update","role:delete","permission:create","permission:read","permission:update","permission:delete","data:view","data:edit","data:delete","rtk:read","rtk:create","rtk:update","rtk:delete","system:admin"]}
2025-07-23 12:22:02.215 [AIOT-BE] WARN: Access denied for user 1 - Missing permission: user.read
2025-07-23 12:22:02.215 [AIOT-BE] WARN: Access denied for user 1 - Missing permission: role.read
2025-07-23 12:22:02.234 [AIOT-BE] WARN: Permission check: user.read for user 1 - DENIED {"userId":1,"permission":"user.read","result":false,"userRoles":["admin"],"userPermissions":["user:create","user:read","user:update","user:delete","role:create","role:read","role:update","role:delete","permission:create","permission:read","permission:update","permission:delete","data:view","data:edit","data:delete","rtk:read","rtk:create","rtk:update","rtk:delete","system:admin"]}
2025-07-23 12:22:02.235 [AIOT-BE] WARN: Permission check: role.read for user 1 - DENIED {"userId":1,"permission":"role.read","result":false,"userRoles":["admin"],"userPermissions":["user:create","user:read","user:update","user:delete","role:create","role:read","role:update","role:delete","permission:create","permission:read","permission:update","permission:delete","data:view","data:edit","data:delete","rtk:read","rtk:create","rtk:update","rtk:delete","system:admin"]}
2025-07-23 12:22:02.236 [AIOT-BE] WARN: Access denied for user 1 - Missing permission: user.read
2025-07-23 12:22:02.237 [AIOT-BE] WARN: Access denied for user 1 - Missing permission: role.read
2025-07-23 12:22:03.294 [AIOT-BE] WARN: Permission check: user.read for user 1 - DENIED {"userId":1,"permission":"user.read","result":false,"userRoles":["admin"],"userPermissions":["user:create","user:read","user:update","user:delete","role:create","role:read","role:update","role:delete","permission:create","permission:read","permission:update","permission:delete","data:view","data:edit","data:delete","rtk:read","rtk:create","rtk:update","rtk:delete","system:admin"]}
2025-07-23 12:22:03.295 [AIOT-BE] WARN: Permission check: permission.read for user 1 - DENIED {"userId":1,"permission":"permission.read","result":false,"userRoles":["admin"],"userPermissions":["user:create","user:read","user:update","user:delete","role:create","role:read","role:update","role:delete","permission:create","permission:read","permission:update","permission:delete","data:view","data:edit","data:delete","rtk:read","rtk:create","rtk:update","rtk:delete","system:admin"]}
2025-07-23 12:22:03.296 [AIOT-BE] WARN: Access denied for user 1 - Missing permission: user.read
2025-07-23 12:22:03.296 [AIOT-BE] WARN: Access denied for user 1 - Missing permission: permission.read
2025-07-23 12:22:03.297 [AIOT-BE] WARN: Permission check: role.read for user 1 - DENIED {"userId":1,"permission":"role.read","result":false,"userRoles":["admin"],"userPermissions":["user:create","user:read","user:update","user:delete","role:create","role:read","role:update","role:delete","permission:create","permission:read","permission:update","permission:delete","data:view","data:edit","data:delete","rtk:read","rtk:create","rtk:update","rtk:delete","system:admin"]}
2025-07-23 12:22:03.297 [AIOT-BE] WARN: Access denied for user 1 - Missing permission: role.read
2025-07-23 12:22:03.311 [AIOT-BE] WARN: Permission check: user.read for user 1 - DENIED {"userId":1,"permission":"user.read","result":false,"userRoles":["admin"],"userPermissions":["user:create","user:read","user:update","user:delete","role:create","role:read","role:update","role:delete","permission:create","permission:read","permission:update","permission:delete","data:view","data:edit","data:delete","rtk:read","rtk:create","rtk:update","rtk:delete","system:admin"]}
2025-07-23 12:22:03.312 [AIOT-BE] WARN: Permission check: role.read for user 1 - DENIED {"userId":1,"permission":"role.read","result":false,"userRoles":["admin"],"userPermissions":["user:create","user:read","user:update","user:delete","role:create","role:read","role:update","role:delete","permission:create","permission:read","permission:update","permission:delete","data:view","data:edit","data:delete","rtk:read","rtk:create","rtk:update","rtk:delete","system:admin"]}
2025-07-23 12:22:03.312 [AIOT-BE] WARN: Access denied for user 1 - Missing permission: user.read
2025-07-23 12:22:03.312 [AIOT-BE] WARN: Access denied for user 1 - Missing permission: role.read
2025-07-23 12:22:19.876 [AIOT-BE] WARN: Permission check: user.read for user 1 - DENIED {"userId":1,"permission":"user.read","result":false,"userRoles":["admin"],"userPermissions":["user:create","user:read","user:update","user:delete","role:create","role:read","role:update","role:delete","permission:create","permission:read","permission:update","permission:delete","data:view","data:edit","data:delete","rtk:read","rtk:create","rtk:update","rtk:delete","system:admin"]}
2025-07-23 12:22:19.877 [AIOT-BE] WARN: Permission check: permission.read for user 1 - DENIED {"userId":1,"permission":"permission.read","result":false,"userRoles":["admin"],"userPermissions":["user:create","user:read","user:update","user:delete","role:create","role:read","role:update","role:delete","permission:create","permission:read","permission:update","permission:delete","data:view","data:edit","data:delete","rtk:read","rtk:create","rtk:update","rtk:delete","system:admin"]}
2025-07-23 12:22:19.877 [AIOT-BE] WARN: Permission check: role.read for user 1 - DENIED {"userId":1,"permission":"role.read","result":false,"userRoles":["admin"],"userPermissions":["user:create","user:read","user:update","user:delete","role:create","role:read","role:update","role:delete","permission:create","permission:read","permission:update","permission:delete","data:view","data:edit","data:delete","rtk:read","rtk:create","rtk:update","rtk:delete","system:admin"]}
2025-07-23 12:22:19.877 [AIOT-BE] WARN: Access denied for user 1 - Missing permission: user.read
2025-07-23 12:22:19.878 [AIOT-BE] WARN: Access denied for user 1 - Missing permission: permission.read
2025-07-23 12:22:19.879 [AIOT-BE] WARN: Access denied for user 1 - Missing permission: role.read
2025-07-23 12:22:19.887 [AIOT-BE] WARN: Permission check: user.read for user 1 - DENIED {"userId":1,"permission":"user.read","result":false,"userRoles":["admin"],"userPermissions":["user:create","user:read","user:update","user:delete","role:create","role:read","role:update","role:delete","permission:create","permission:read","permission:update","permission:delete","data:view","data:edit","data:delete","rtk:read","rtk:create","rtk:update","rtk:delete","system:admin"]}
2025-07-23 12:22:19.888 [AIOT-BE] WARN: Access denied for user 1 - Missing permission: user.read
2025-07-23 12:22:19.896 [AIOT-BE] WARN: Permission check: role.read for user 1 - DENIED {"userId":1,"permission":"role.read","result":false,"userRoles":["admin"],"userPermissions":["user:create","user:read","user:update","user:delete","role:create","role:read","role:update","role:delete","permission:create","permission:read","permission:update","permission:delete","data:view","data:edit","data:delete","rtk:read","rtk:create","rtk:update","rtk:delete","system:admin"]}
2025-07-23 12:22:19.896 [AIOT-BE] WARN: Access denied for user 1 - Missing permission: role.read
2025-07-23 12:22:26.078 [AIOT-BE] WARN: Permission check: permission.read for user 1 - DENIED {"userId":1,"permission":"permission.read","result":false,"userRoles":["admin"],"userPermissions":["user:create","user:read","user:update","user:delete","role:create","role:read","role:update","role:delete","permission:create","permission:read","permission:update","permission:delete","data:view","data:edit","data:delete","rtk:read","rtk:create","rtk:update","rtk:delete","system:admin"]}
2025-07-23 12:22:26.078 [AIOT-BE] WARN: Permission check: role.read for user 1 - DENIED {"userId":1,"permission":"role.read","result":false,"userRoles":["admin"],"userPermissions":["user:create","user:read","user:update","user:delete","role:create","role:read","role:update","role:delete","permission:create","permission:read","permission:update","permission:delete","data:view","data:edit","data:delete","rtk:read","rtk:create","rtk:update","rtk:delete","system:admin"]}
2025-07-23 12:22:26.078 [AIOT-BE] WARN: Access denied for user 1 - Missing permission: permission.read
2025-07-23 12:22:26.079 [AIOT-BE] WARN: Access denied for user 1 - Missing permission: role.read
2025-07-23 12:22:26.084 [AIOT-BE] WARN: Permission check: user.read for user 1 - DENIED {"userId":1,"permission":"user.read","result":false,"userRoles":["admin"],"userPermissions":["user:create","user:read","user:update","user:delete","role:create","role:read","role:update","role:delete","permission:create","permission:read","permission:update","permission:delete","data:view","data:edit","data:delete","rtk:read","rtk:create","rtk:update","rtk:delete","system:admin"]}
2025-07-23 12:22:26.085 [AIOT-BE] WARN: Access denied for user 1 - Missing permission: user.read
2025-07-23 12:22:26.100 [AIOT-BE] WARN: Permission check: role.read for user 1 - DENIED {"userId":1,"permission":"role.read","result":false,"userRoles":["admin"],"userPermissions":["user:create","user:read","user:update","user:delete","role:create","role:read","role:update","role:delete","permission:create","permission:read","permission:update","permission:delete","data:view","data:edit","data:delete","rtk:read","rtk:create","rtk:update","rtk:delete","system:admin"]}
2025-07-23 12:22:26.101 [AIOT-BE] WARN: Permission check: user.read for user 1 - DENIED {"userId":1,"permission":"user.read","result":false,"userRoles":["admin"],"userPermissions":["user:create","user:read","user:update","user:delete","role:create","role:read","role:update","role:delete","permission:create","permission:read","permission:update","permission:delete","data:view","data:edit","data:delete","rtk:read","rtk:create","rtk:update","rtk:delete","system:admin"]}
2025-07-23 12:22:26.101 [AIOT-BE] WARN: Access denied for user 1 - Missing permission: role.read
2025-07-23 12:22:26.101 [AIOT-BE] WARN: Access denied for user 1 - Missing permission: user.read
2025-07-23 12:22:29.436 [AIOT-BE] WARN: Permission check: permission.read for user 1 - DENIED {"userId":1,"permission":"permission.read","result":false,"userRoles":["admin"],"userPermissions":["user:create","user:read","user:update","user:delete","role:create","role:read","role:update","role:delete","permission:create","permission:read","permission:update","permission:delete","data:view","data:edit","data:delete","rtk:read","rtk:create","rtk:update","rtk:delete","system:admin"]}
2025-07-23 12:22:29.437 [AIOT-BE] WARN: Access denied for user 1 - Missing permission: permission.read
2025-07-23 12:22:29.442 [AIOT-BE] WARN: Permission check: role.read for user 1 - DENIED {"userId":1,"permission":"role.read","result":false,"userRoles":["admin"],"userPermissions":["user:create","user:read","user:update","user:delete","role:create","role:read","role:update","role:delete","permission:create","permission:read","permission:update","permission:delete","data:view","data:edit","data:delete","rtk:read","rtk:create","rtk:update","rtk:delete","system:admin"]}
2025-07-23 12:22:29.443 [AIOT-BE] WARN: Permission check: user.read for user 1 - DENIED {"userId":1,"permission":"user.read","result":false,"userRoles":["admin"],"userPermissions":["user:create","user:read","user:update","user:delete","role:create","role:read","role:update","role:delete","permission:create","permission:read","permission:update","permission:delete","data:view","data:edit","data:delete","rtk:read","rtk:create","rtk:update","rtk:delete","system:admin"]}
2025-07-23 12:22:29.444 [AIOT-BE] WARN: Access denied for user 1 - Missing permission: role.read
2025-07-23 12:22:29.444 [AIOT-BE] WARN: Access denied for user 1 - Missing permission: user.read
2025-07-23 12:22:29.453 [AIOT-BE] WARN: Permission check: role.read for user 1 - DENIED {"userId":1,"permission":"role.read","result":false,"userRoles":["admin"],"userPermissions":["user:create","user:read","user:update","user:delete","role:create","role:read","role:update","role:delete","permission:create","permission:read","permission:update","permission:delete","data:view","data:edit","data:delete","rtk:read","rtk:create","rtk:update","rtk:delete","system:admin"]}
2025-07-23 12:22:29.454 [AIOT-BE] WARN: Access denied for user 1 - Missing permission: role.read
2025-07-23 12:22:29.455 [AIOT-BE] WARN: Permission check: user.read for user 1 - DENIED {"userId":1,"permission":"user.read","result":false,"userRoles":["admin"],"userPermissions":["user:create","user:read","user:update","user:delete","role:create","role:read","role:update","role:delete","permission:create","permission:read","permission:update","permission:delete","data:view","data:edit","data:delete","rtk:read","rtk:create","rtk:update","rtk:delete","system:admin"]}
2025-07-23 12:22:29.455 [AIOT-BE] WARN: Access denied for user 1 - Missing permission: user.read
2025-07-23 12:22:55.730 [AIOT-BE] WARN: Permission check: permission.read for user 1 - DENIED {"userId":1,"permission":"permission.read","result":false,"userRoles":["admin"],"userPermissions":["user:create","user:read","user:update","user:delete","role:create","role:read","role:update","role:delete","permission:create","permission:read","permission:update","permission:delete","data:view","data:edit","data:delete","rtk:read","rtk:create","rtk:update","rtk:delete","system:admin"]}
2025-07-23 12:22:55.731 [AIOT-BE] WARN: Permission check: role.read for user 1 - DENIED {"userId":1,"permission":"role.read","result":false,"userRoles":["admin"],"userPermissions":["user:create","user:read","user:update","user:delete","role:create","role:read","role:update","role:delete","permission:create","permission:read","permission:update","permission:delete","data:view","data:edit","data:delete","rtk:read","rtk:create","rtk:update","rtk:delete","system:admin"]}
2025-07-23 12:22:55.731 [AIOT-BE] WARN: Permission check: user.read for user 1 - DENIED {"userId":1,"permission":"user.read","result":false,"userRoles":["admin"],"userPermissions":["user:create","user:read","user:update","user:delete","role:create","role:read","role:update","role:delete","permission:create","permission:read","permission:update","permission:delete","data:view","data:edit","data:delete","rtk:read","rtk:create","rtk:update","rtk:delete","system:admin"]}
2025-07-23 12:22:55.732 [AIOT-BE] WARN: Access denied for user 1 - Missing permission: permission.read
2025-07-23 12:22:55.733 [AIOT-BE] WARN: Access denied for user 1 - Missing permission: role.read
2025-07-23 12:22:55.734 [AIOT-BE] WARN: Access denied for user 1 - Missing permission: user.read
2025-07-23 12:22:55.746 [AIOT-BE] WARN: Permission check: role.read for user 1 - DENIED {"userId":1,"permission":"role.read","result":false,"userRoles":["admin"],"userPermissions":["user:create","user:read","user:update","user:delete","role:create","role:read","role:update","role:delete","permission:create","permission:read","permission:update","permission:delete","data:view","data:edit","data:delete","rtk:read","rtk:create","rtk:update","rtk:delete","system:admin"]}
2025-07-23 12:22:55.747 [AIOT-BE] WARN: Permission check: user.read for user 1 - DENIED {"userId":1,"permission":"user.read","result":false,"userRoles":["admin"],"userPermissions":["user:create","user:read","user:update","user:delete","role:create","role:read","role:update","role:delete","permission:create","permission:read","permission:update","permission:delete","data:view","data:edit","data:delete","rtk:read","rtk:create","rtk:update","rtk:delete","system:admin"]}
2025-07-23 12:22:55.747 [AIOT-BE] WARN: Access denied for user 1 - Missing permission: role.read
2025-07-23 12:22:55.747 [AIOT-BE] WARN: Access denied for user 1 - Missing permission: user.read
2025-07-23 12:22:57.951 [AIOT-BE] WARN: Permission check: permission.read for user 1 - DENIED {"userId":1,"permission":"permission.read","result":false,"userRoles":["admin"],"userPermissions":["user:create","user:read","user:update","user:delete","role:create","role:read","role:update","role:delete","permission:create","permission:read","permission:update","permission:delete","data:view","data:edit","data:delete","rtk:read","rtk:create","rtk:update","rtk:delete","system:admin"]}
2025-07-23 12:22:57.951 [AIOT-BE] WARN: Permission check: role.read for user 1 - DENIED {"userId":1,"permission":"role.read","result":false,"userRoles":["admin"],"userPermissions":["user:create","user:read","user:update","user:delete","role:create","role:read","role:update","role:delete","permission:create","permission:read","permission:update","permission:delete","data:view","data:edit","data:delete","rtk:read","rtk:create","rtk:update","rtk:delete","system:admin"]}
2025-07-23 12:22:57.951 [AIOT-BE] WARN: Access denied for user 1 - Missing permission: permission.read
2025-07-23 12:22:57.952 [AIOT-BE] WARN: Access denied for user 1 - Missing permission: role.read
2025-07-23 12:22:57.960 [AIOT-BE] WARN: Permission check: user.read for user 1 - DENIED {"userId":1,"permission":"user.read","result":false,"userRoles":["admin"],"userPermissions":["user:create","user:read","user:update","user:delete","role:create","role:read","role:update","role:delete","permission:create","permission:read","permission:update","permission:delete","data:view","data:edit","data:delete","rtk:read","rtk:create","rtk:update","rtk:delete","system:admin"]}
2025-07-23 12:22:57.961 [AIOT-BE] WARN: Access denied for user 1 - Missing permission: user.read
2025-07-23 12:22:57.977 [AIOT-BE] WARN: Permission check: user.read for user 1 - DENIED {"userId":1,"permission":"user.read","result":false,"userRoles":["admin"],"userPermissions":["user:create","user:read","user:update","user:delete","role:create","role:read","role:update","role:delete","permission:create","permission:read","permission:update","permission:delete","data:view","data:edit","data:delete","rtk:read","rtk:create","rtk:update","rtk:delete","system:admin"]}
2025-07-23 12:22:57.977 [AIOT-BE] WARN: Access denied for user 1 - Missing permission: user.read
2025-07-23 12:22:57.978 [AIOT-BE] WARN: Permission check: role.read for user 1 - DENIED {"userId":1,"permission":"role.read","result":false,"userRoles":["admin"],"userPermissions":["user:create","user:read","user:update","user:delete","role:create","role:read","role:update","role:delete","permission:create","permission:read","permission:update","permission:delete","data:view","data:edit","data:delete","rtk:read","rtk:create","rtk:update","rtk:delete","system:admin"]}
2025-07-23 12:22:57.979 [AIOT-BE] WARN: Access denied for user 1 - Missing permission: role.read
2025-07-23 12:22:59.038 [AIOT-BE] WARN: Permission check: permission.read for user 1 - DENIED {"userId":1,"permission":"permission.read","result":false,"userRoles":["admin"],"userPermissions":["user:create","user:read","user:update","user:delete","role:create","role:read","role:update","role:delete","permission:create","permission:read","permission:update","permission:delete","data:view","data:edit","data:delete","rtk:read","rtk:create","rtk:update","rtk:delete","system:admin"]}
2025-07-23 12:22:59.038 [AIOT-BE] WARN: Access denied for user 1 - Missing permission: permission.read
2025-07-23 12:22:59.051 [AIOT-BE] WARN: Permission check: role.read for user 1 - DENIED {"userId":1,"permission":"role.read","result":false,"userRoles":["admin"],"userPermissions":["user:create","user:read","user:update","user:delete","role:create","role:read","role:update","role:delete","permission:create","permission:read","permission:update","permission:delete","data:view","data:edit","data:delete","rtk:read","rtk:create","rtk:update","rtk:delete","system:admin"]}
2025-07-23 12:22:59.051 [AIOT-BE] WARN: Access denied for user 1 - Missing permission: role.read
2025-07-23 12:22:59.072 [AIOT-BE] WARN: Permission check: user.read for user 1 - DENIED {"userId":1,"permission":"user.read","result":false,"userRoles":["admin"],"userPermissions":["user:create","user:read","user:update","user:delete","role:create","role:read","role:update","role:delete","permission:create","permission:read","permission:update","permission:delete","data:view","data:edit","data:delete","rtk:read","rtk:create","rtk:update","rtk:delete","system:admin"]}
2025-07-23 12:22:59.073 [AIOT-BE] WARN: Access denied for user 1 - Missing permission: user.read
2025-07-23 12:22:59.086 [AIOT-BE] WARN: Permission check: user.read for user 1 - DENIED {"userId":1,"permission":"user.read","result":false,"userRoles":["admin"],"userPermissions":["user:create","user:read","user:update","user:delete","role:create","role:read","role:update","role:delete","permission:create","permission:read","permission:update","permission:delete","data:view","data:edit","data:delete","rtk:read","rtk:create","rtk:update","rtk:delete","system:admin"]}
2025-07-23 12:22:59.086 [AIOT-BE] WARN: Access denied for user 1 - Missing permission: user.read
2025-07-23 12:22:59.088 [AIOT-BE] WARN: Permission check: role.read for user 1 - DENIED {"userId":1,"permission":"role.read","result":false,"userRoles":["admin"],"userPermissions":["user:create","user:read","user:update","user:delete","role:create","role:read","role:update","role:delete","permission:create","permission:read","permission:update","permission:delete","data:view","data:edit","data:delete","rtk:read","rtk:create","rtk:update","rtk:delete","system:admin"]}
2025-07-23 12:22:59.089 [AIOT-BE] WARN: Access denied for user 1 - Missing permission: role.read
2025-07-23 12:23:01.176 [AIOT-BE] WARN: Permission check: permission.read for user 1 - DENIED {"userId":1,"permission":"permission.read","result":false,"userRoles":["admin"],"userPermissions":["user:create","user:read","user:update","user:delete","role:create","role:read","role:update","role:delete","permission:create","permission:read","permission:update","permission:delete","data:view","data:edit","data:delete","rtk:read","rtk:create","rtk:update","rtk:delete","system:admin"]}
2025-07-23 12:23:01.177 [AIOT-BE] WARN: Access denied for user 1 - Missing permission: permission.read
2025-07-23 12:23:01.194 [AIOT-BE] WARN: Permission check: role.read for user 1 - DENIED {"userId":1,"permission":"role.read","result":false,"userRoles":["admin"],"userPermissions":["user:create","user:read","user:update","user:delete","role:create","role:read","role:update","role:delete","permission:create","permission:read","permission:update","permission:delete","data:view","data:edit","data:delete","rtk:read","rtk:create","rtk:update","rtk:delete","system:admin"]}
2025-07-23 12:23:01.195 [AIOT-BE] WARN: Access denied for user 1 - Missing permission: role.read
2025-07-23 12:23:01.210 [AIOT-BE] WARN: Permission check: user.read for user 1 - DENIED {"userId":1,"permission":"user.read","result":false,"userRoles":["admin"],"userPermissions":["user:create","user:read","user:update","user:delete","role:create","role:read","role:update","role:delete","permission:create","permission:read","permission:update","permission:delete","data:view","data:edit","data:delete","rtk:read","rtk:create","rtk:update","rtk:delete","system:admin"]}
2025-07-23 12:23:01.210 [AIOT-BE] WARN: Access denied for user 1 - Missing permission: user.read
2025-07-23 12:23:01.223 [AIOT-BE] WARN: Permission check: user.read for user 1 - DENIED {"userId":1,"permission":"user.read","result":false,"userRoles":["admin"],"userPermissions":["user:create","user:read","user:update","user:delete","role:create","role:read","role:update","role:delete","permission:create","permission:read","permission:update","permission:delete","data:view","data:edit","data:delete","rtk:read","rtk:create","rtk:update","rtk:delete","system:admin"]}
2025-07-23 12:23:01.223 [AIOT-BE] WARN: Access denied for user 1 - Missing permission: user.read
2025-07-23 12:23:01.229 [AIOT-BE] WARN: Permission check: role.read for user 1 - DENIED {"userId":1,"permission":"role.read","result":false,"userRoles":["admin"],"userPermissions":["user:create","user:read","user:update","user:delete","role:create","role:read","role:update","role:delete","permission:create","permission:read","permission:update","permission:delete","data:view","data:edit","data:delete","rtk:read","rtk:create","rtk:update","rtk:delete","system:admin"]}
2025-07-23 12:23:01.229 [AIOT-BE] WARN: Access denied for user 1 - Missing permission: role.read
2025-07-23 12:23:01.599 [AIOT-BE] WARN: Permission check: permission.read for user 1 - DENIED {"userId":1,"permission":"permission.read","result":false,"userRoles":["admin"],"userPermissions":["user:create","user:read","user:update","user:delete","role:create","role:read","role:update","role:delete","permission:create","permission:read","permission:update","permission:delete","data:view","data:edit","data:delete","rtk:read","rtk:create","rtk:update","rtk:delete","system:admin"]}
2025-07-23 12:23:01.600 [AIOT-BE] WARN: Access denied for user 1 - Missing permission: permission.read
2025-07-23 12:23:02.687 [AIOT-BE] WARN: Permission check: permission.read for user 1 - DENIED {"userId":1,"permission":"permission.read","result":false,"userRoles":["admin"],"userPermissions":["user:create","user:read","user:update","user:delete","role:create","role:read","role:update","role:delete","permission:create","permission:read","permission:update","permission:delete","data:view","data:edit","data:delete","rtk:read","rtk:create","rtk:update","rtk:delete","system:admin"]}
2025-07-23 12:23:02.687 [AIOT-BE] WARN: Access denied for user 1 - Missing permission: permission.read
2025-07-23 12:23:04.825 [AIOT-BE] WARN: Permission check: permission.read for user 1 - DENIED {"userId":1,"permission":"permission.read","result":false,"userRoles":["admin"],"userPermissions":["user:create","user:read","user:update","user:delete","role:create","role:read","role:update","role:delete","permission:create","permission:read","permission:update","permission:delete","data:view","data:edit","data:delete","rtk:read","rtk:create","rtk:update","rtk:delete","system:admin"]}
2025-07-23 12:23:04.825 [AIOT-BE] WARN: Access denied for user 1 - Missing permission: permission.read
2025-07-23 12:24:03.834 [AIOT-BE] INFO: Login attempt for user: admin {"method":"POST","url":"/api/auth/login","ip":"::1","userAgent":"curl/8.5.0"}
2025-07-23 12:24:03.834 [AIOT-BE] INFO: Login attempt for user 'admin' from IP: ::1
2025-07-23 12:24:03.898 [AIOT-BE] INFO: Login successful for user 'admin' (ID: 1)
2025-07-23 12:24:03.899 [AIOT-BE] INFO: Auth event: login for admin - SUCCESS {"event":"login","username":"admin","success":true,"userId":1,"rememberMe":false,"ip":"::1","userAgent":"curl/8.5.0"}
2025-07-23 12:24:06.157 [AIOT-BE] WARN: Permission check: permission.read for user 1 - DENIED {"userId":1,"permission":"permission.read","result":false,"userRoles":["admin"],"userPermissions":["user:create","user:read","user:update","user:delete","role:create","role:read","role:update","role:delete","permission:create","permission:read","permission:update","permission:delete","data:view","data:edit","data:delete","rtk:read","rtk:create","rtk:update","rtk:delete","system:admin"]}
2025-07-23 12:24:06.158 [AIOT-BE] WARN: Access denied for user 1 - Missing permission: permission.read
2025-07-23 12:25:54.875 [AIOT-BE] INFO: User 1 (admin) permissions loaded: user.create, user.read, user.update, user.delete, role.create, role.read, role.update, role.delete, permission.create, permission.read, permission.update, permission.delete, data.view, data.edit, data.delete, rtk.read, rtk.create, rtk.update, rtk.delete, system.admin
2025-07-23 12:25:54.875 [AIOT-BE] INFO: User 1 (admin) roles: admin
2025-07-23 12:25:54.875 [AIOT-BE] INFO: Retrieved permissions for user 1: 20 permissions, 1 roles
2025-07-23 12:25:54.876 [AIOT-BE] INFO: Permission check: permission.read for user 1 - GRANTED {"userId":1,"permission":"permission.read","result":true,"userRoles":["admin"],"userPermissions":["user.create","user.read","user.update","user.delete","role.create","role.read","role.update","role.delete","permission.create","permission.read","permission.update","permission.delete","data.view","data.edit","data.delete","rtk.read","rtk.create","rtk.update","rtk.delete","system.admin"]}
2025-07-23 12:25:54.876 [AIOT-BE] INFO: Permission granted for user 1 - permission.read
2025-07-23 12:25:54.877 [AIOT-BE] INFO: Fetching all permissions {"method":"GET","url":"/permissions","ip":"::1","userAgent":"curl/8.5.0","userId":1}
2025-07-23 12:25:54.879 [AIOT-BE] ERROR: Error fetching permissions: Cannot read properties of undefined (reading 'getRedisClient') {"stack":"TypeError: Cannot read properties of undefined (reading 'getRedisClient')\n    at getPermissions (/home/user/GitHub/AIOT/be/src/controller/rbac/PermissionController.ts:115:32)\n    at Layer.handle [as handle_request] (/home/user/GitHub/AIOT/be/node_modules/express/lib/router/layer.js:95:5)\n    at next (/home/user/GitHub/AIOT/be/node_modules/express/lib/router/route.js:149:13)\n    at <anonymous> (/home/user/GitHub/AIOT/be/src/middleware/permissionMiddleware.ts:158:17)\n    at process.processTicksAndRejections (node:internal/process/task_queues:105:5)"}
2025-07-23 12:26:24.582 [AIOT-BE] INFO: Permission check: permission.read for user 1 - GRANTED {"userId":1,"permission":"permission.read","result":true,"userRoles":["admin"],"userPermissions":["user.create","user.read","user.update","user.delete","role.create","role.read","role.update","role.delete","permission.create","permission.read","permission.update","permission.delete","data.view","data.edit","data.delete","rtk.read","rtk.create","rtk.update","rtk.delete","system.admin"]}
2025-07-23 12:26:24.582 [AIOT-BE] INFO: Permission granted for user 1 - permission.read
2025-07-23 12:26:24.583 [AIOT-BE] INFO: Fetching all permissions {"method":"GET","url":"/permissions","ip":"::1","userAgent":"curl/8.5.0","userId":1}
2025-07-23 12:26:24.584 [AIOT-BE] WARN: Redis client not available, falling back to database only
2025-07-23 12:26:24.587 [AIOT-BE] INFO: Retrieved 20 permissions from database
2025-07-23 12:26:46.032 [AIOT-BE] INFO: Login attempt for user: admin {"method":"POST","url":"/api/auth/login","ip":"::1","userAgent":"Mozilla/5.0 (Windows NT 10.0; Win64; x64) AppleWebKit/537.36 (KHTML, like Gecko) Chrome/138.0.0.0 Safari/537.36"}
2025-07-23 12:26:46.032 [AIOT-BE] INFO: Login attempt for user 'admin' from IP: ::1
2025-07-23 12:26:46.101 [AIOT-BE] INFO: Login successful for user 'admin' (ID: 1)
2025-07-23 12:26:46.102 [AIOT-BE] INFO: Auth event: login for admin - SUCCESS {"event":"login","username":"admin","success":true,"userId":1,"rememberMe":false,"ip":"::1","userAgent":"Mozilla/5.0 (Windows NT 10.0; Win64; x64) AppleWebKit/537.36 (KHTML, like Gecko) Chrome/138.0.0.0 Safari/537.36"}
2025-07-23 12:26:48.680 [AIOT-BE] INFO: Permission check: permission.read for user 1 - GRANTED {"userId":1,"permission":"permission.read","result":true,"userRoles":["admin"],"userPermissions":["user.create","user.read","user.update","user.delete","role.create","role.read","role.update","role.delete","permission.create","permission.read","permission.update","permission.delete","data.view","data.edit","data.delete","rtk.read","rtk.create","rtk.update","rtk.delete","system.admin"]}
2025-07-23 12:26:48.681 [AIOT-BE] INFO: Permission granted for user 1 - permission.read
2025-07-23 12:26:48.681 [AIOT-BE] INFO: Fetching all permissions {"method":"GET","url":"/permissions","ip":"::1","userAgent":"Mozilla/5.0 (Windows NT 10.0; Win64; x64) AppleWebKit/537.36 (KHTML, like Gecko) Chrome/138.0.0.0 Safari/537.36","userId":1}
2025-07-23 12:26:48.681 [AIOT-BE] WARN: Redis client not available, falling back to database only
2025-07-23 12:26:48.695 [AIOT-BE] INFO: Permission check: role.read for user 1 - GRANTED {"userId":1,"permission":"role.read","result":true,"userRoles":["admin"],"userPermissions":["user.create","user.read","user.update","user.delete","role.create","role.read","role.update","role.delete","permission.create","permission.read","permission.update","permission.delete","data.view","data.edit","data.delete","rtk.read","rtk.create","rtk.update","rtk.delete","system.admin"]}
2025-07-23 12:26:48.696 [AIOT-BE] INFO: Permission check: user.read for user 1 - GRANTED {"userId":1,"permission":"user.read","result":true,"userRoles":["admin"],"userPermissions":["user.create","user.read","user.update","user.delete","role.create","role.read","role.update","role.delete","permission.create","permission.read","permission.update","permission.delete","data.view","data.edit","data.delete","rtk.read","rtk.create","rtk.update","rtk.delete","system.admin"]}
2025-07-23 12:26:48.696 [AIOT-BE] INFO: Permission granted for user 1 - role.read
2025-07-23 12:26:48.696 [AIOT-BE] INFO: Permission granted for user 1 - user.read
2025-07-23 12:26:48.698 [AIOT-BE] INFO: Retrieved 20 permissions from database
2025-07-23 12:26:48.711 [AIOT-BE] INFO: Permission check: user.read for user 1 - GRANTED {"userId":1,"permission":"user.read","result":true,"userRoles":["admin"],"userPermissions":["user.create","user.read","user.update","user.delete","role.create","role.read","role.update","role.delete","permission.create","permission.read","permission.update","permission.delete","data.view","data.edit","data.delete","rtk.read","rtk.create","rtk.update","rtk.delete","system.admin"]}
2025-07-23 12:26:48.711 [AIOT-BE] INFO: Permission granted for user 1 - user.read
2025-07-23 12:26:48.712 [AIOT-BE] INFO: Permission check: role.read for user 1 - GRANTED {"userId":1,"permission":"role.read","result":true,"userRoles":["admin"],"userPermissions":["user.create","user.read","user.update","user.delete","role.create","role.read","role.update","role.delete","permission.create","permission.read","permission.update","permission.delete","data.view","data.edit","data.delete","rtk.read","rtk.create","rtk.update","rtk.delete","system.admin"]}
2025-07-23 12:26:48.713 [AIOT-BE] INFO: Permission granted for user 1 - role.read
2025-07-23 12:26:49.829 [AIOT-BE] INFO: Permission check: user.read for user 1 - GRANTED {"userId":1,"permission":"user.read","result":true,"userRoles":["admin"],"userPermissions":["user.create","user.read","user.update","user.delete","role.create","role.read","role.update","role.delete","permission.create","permission.read","permission.update","permission.delete","data.view","data.edit","data.delete","rtk.read","rtk.create","rtk.update","rtk.delete","system.admin"]}
2025-07-23 12:26:49.830 [AIOT-BE] INFO: Permission check: role.read for user 1 - GRANTED {"userId":1,"permission":"role.read","result":true,"userRoles":["admin"],"userPermissions":["user.create","user.read","user.update","user.delete","role.create","role.read","role.update","role.delete","permission.create","permission.read","permission.update","permission.delete","data.view","data.edit","data.delete","rtk.read","rtk.create","rtk.update","rtk.delete","system.admin"]}
2025-07-23 12:26:49.830 [AIOT-BE] INFO: Permission granted for user 1 - user.read
2025-07-23 12:26:49.830 [AIOT-BE] INFO: Permission granted for user 1 - role.read
2025-07-23 12:26:51.983 [AIOT-BE] INFO: Permission check: role.read for user 1 - GRANTED {"userId":1,"permission":"role.read","result":true,"userRoles":["admin"],"userPermissions":["user.create","user.read","user.update","user.delete","role.create","role.read","role.update","role.delete","permission.create","permission.read","permission.update","permission.delete","data.view","data.edit","data.delete","rtk.read","rtk.create","rtk.update","rtk.delete","system.admin"]}
2025-07-23 12:26:51.983 [AIOT-BE] INFO: Permission granted for user 1 - role.read
2025-07-23 12:26:51.999 [AIOT-BE] INFO: Permission check: user.read for user 1 - GRANTED {"userId":1,"permission":"user.read","result":true,"userRoles":["admin"],"userPermissions":["user.create","user.read","user.update","user.delete","role.create","role.read","role.update","role.delete","permission.create","permission.read","permission.update","permission.delete","data.view","data.edit","data.delete","rtk.read","rtk.create","rtk.update","rtk.delete","system.admin"]}
2025-07-23 12:26:51.999 [AIOT-BE] INFO: Permission granted for user 1 - user.read
2025-07-23 12:26:53.047 [AIOT-BE] INFO: Permission check: role.read for user 1 - GRANTED {"userId":1,"permission":"role.read","result":true,"userRoles":["admin"],"userPermissions":["user.create","user.read","user.update","user.delete","role.create","role.read","role.update","role.delete","permission.create","permission.read","permission.update","permission.delete","data.view","data.edit","data.delete","rtk.read","rtk.create","rtk.update","rtk.delete","system.admin"]}
2025-07-23 12:26:53.048 [AIOT-BE] INFO: Permission granted for user 1 - role.read
2025-07-23 12:26:54.133 [AIOT-BE] INFO: Permission check: role.read for user 1 - GRANTED {"userId":1,"permission":"role.read","result":true,"userRoles":["admin"],"userPermissions":["user.create","user.read","user.update","user.delete","role.create","role.read","role.update","role.delete","permission.create","permission.read","permission.update","permission.delete","data.view","data.edit","data.delete","rtk.read","rtk.create","rtk.update","rtk.delete","system.admin"]}
2025-07-23 12:26:54.133 [AIOT-BE] INFO: Permission granted for user 1 - role.read
2025-07-23 12:26:56.282 [AIOT-BE] INFO: Permission check: role.read for user 1 - GRANTED {"userId":1,"permission":"role.read","result":true,"userRoles":["admin"],"userPermissions":["user.create","user.read","user.update","user.delete","role.create","role.read","role.update","role.delete","permission.create","permission.read","permission.update","permission.delete","data.view","data.edit","data.delete","rtk.read","rtk.create","rtk.update","rtk.delete","system.admin"]}
2025-07-23 12:26:56.282 [AIOT-BE] INFO: Permission granted for user 1 - role.read
2025-07-23 12:30:52.961 [AIOT-BE] INFO: Permission check: user.read for user 1 - GRANTED {"userId":1,"permission":"user.read","result":true,"userRoles":["admin"],"userPermissions":["user.create","user.read","user.update","user.delete","role.create","role.read","role.update","role.delete","permission.create","permission.read","permission.update","permission.delete","data.view","data.edit","data.delete","rtk.read","rtk.create","rtk.update","rtk.delete","system.admin"]}
2025-07-23 12:30:52.962 [AIOT-BE] INFO: Permission check: role.read for user 1 - GRANTED {"userId":1,"permission":"role.read","result":true,"userRoles":["admin"],"userPermissions":["user.create","user.read","user.update","user.delete","role.create","role.read","role.update","role.delete","permission.create","permission.read","permission.update","permission.delete","data.view","data.edit","data.delete","rtk.read","rtk.create","rtk.update","rtk.delete","system.admin"]}
2025-07-23 12:30:52.963 [AIOT-BE] INFO: Permission granted for user 1 - user.read
2025-07-23 12:30:52.964 [AIOT-BE] INFO: Permission granted for user 1 - role.read
2025-07-23 12:30:54.063 [AIOT-BE] INFO: Permission check: user.read for user 1 - GRANTED {"userId":1,"permission":"user.read","result":true,"userRoles":["admin"],"userPermissions":["user.create","user.read","user.update","user.delete","role.create","role.read","role.update","role.delete","permission.create","permission.read","permission.update","permission.delete","data.view","data.edit","data.delete","rtk.read","rtk.create","rtk.update","rtk.delete","system.admin"]}
2025-07-23 12:30:54.063 [AIOT-BE] INFO: Permission granted for user 1 - user.read
2025-07-23 12:30:54.067 [AIOT-BE] INFO: Permission check: role.read for user 1 - GRANTED {"userId":1,"permission":"role.read","result":true,"userRoles":["admin"],"userPermissions":["user.create","user.read","user.update","user.delete","role.create","role.read","role.update","role.delete","permission.create","permission.read","permission.update","permission.delete","data.view","data.edit","data.delete","rtk.read","rtk.create","rtk.update","rtk.delete","system.admin"]}
2025-07-23 12:30:54.068 [AIOT-BE] INFO: Permission granted for user 1 - role.read
2025-07-23 12:31:39.746 [AIOT-BE] INFO: Permission check: user.read for user 1 - GRANTED {"userId":1,"permission":"user.read","result":true,"userRoles":["admin"],"userPermissions":["user.create","user.read","user.update","user.delete","role.create","role.read","role.update","role.delete","permission.create","permission.read","permission.update","permission.delete","data.view","data.edit","data.delete","rtk.read","rtk.create","rtk.update","rtk.delete","system.admin"]}
2025-07-23 12:31:39.747 [AIOT-BE] INFO: Permission granted for user 1 - user.read
2025-07-23 12:31:39.749 [AIOT-BE] INFO: Permission check: role.read for user 1 - GRANTED {"userId":1,"permission":"role.read","result":true,"userRoles":["admin"],"userPermissions":["user.create","user.read","user.update","user.delete","role.create","role.read","role.update","role.delete","permission.create","permission.read","permission.update","permission.delete","data.view","data.edit","data.delete","rtk.read","rtk.create","rtk.update","rtk.delete","system.admin"]}
2025-07-23 12:31:39.749 [AIOT-BE] INFO: Permission granted for user 1 - role.read
2025-07-23 12:35:38.984 [AIOT-BE] INFO:  Winston Logger initialized {"environment":"development","logLevel":"debug","consoleOutput":true,"fileOutput":true,"logDirectory":"/home/user/GitHub/AIOT/be/logs"}
2025-07-23 12:36:17.750 [AIOT-BE] INFO:  Winston Logger initialized {"environment":"production","logLevel":"info","consoleOutput":false,"fileOutput":true,"logDirectory":"/home/user/GitHub/AIOT/be/logs"}
2025-07-23 12:36:17.751 [AIOT-BE] INFO:  INFO  - 
2025-07-23 12:36:17.751 [AIOT-BE] WARN:  WARN  - 
2025-07-23 12:36:17.751 [AIOT-BE] ERROR:  ERROR  - 
2025-07-23 12:38:14.008 [AIOT-BE] INFO:  Winston Logger initialized {"environment":"development","logLevel":"debug","consoleOutput":true,"fileOutput":true,"logDirectory":"/home/user/GitHub/AIOT/be/logs"}
2025-07-23 12:38:19.258 [AIOT-BE] INFO:  Winston Logger initialized {"environment":"development","logLevel":"debug","consoleOutput":true,"fileOutput":true,"logDirectory":"/home/user/GitHub/AIOT/be/logs"}
2025-07-23 12:38:26.433 [AIOT-BE] INFO:  Winston Logger initialized {"environment":"development","logLevel":"debug","consoleOutput":true,"fileOutput":true,"logDirectory":"/home/user/GitHub/AIOT/be/logs"}
