2025-07-23 13:56:51.418 [AIOT-BE] ERROR: uncaughtException: EIO: i/o error, write
Error: EIO: i/o error, write
    at writeSync (node:fs:923:3)
    at SyncWriteStream._write (node:internal/fs/sync_write_stream:27:5)
    at writeOrBuffer (node:internal/streams/writable:572:12)
    at _write (node:internal/streams/writable:501:10)
    at Writable.write (node:internal/streams/writable:510:10)
    at Console.log (/home/user/GitHub/AIOT/be/node_modules/winston/lib/winston/transports/console.js:87:23)
    at Console._write (/home/user/GitHub/AIOT/be/node_modules/winston-transport/modern.js:103:17)
    at doWrite (/home/user/GitHub/AIOT/be/node_modules/readable-stream/lib/_stream_writable.js:390:139)
    at writeOrBuffer (/home/user/GitHub/AIOT/be/node_modules/readable-stream/lib/_stream_writable.js:381:5)
    at Writable.write (/home/user/GitHub/AIOT/be/node_modules/readable-stream/lib/_stream_writable.js:302:11) {"error":{"errno":-5,"syscall":"write","code":"EIO"},"stack":"Error: EIO: i/o error, write\n    at writeSync (node:fs:923:3)\n    at SyncWriteStream._write (node:internal/fs/sync_write_stream:27:5)\n    at writeOrBuffer (node:internal/streams/writable:572:12)\n    at _write (node:internal/streams/writable:501:10)\n    at Writable.write (node:internal/streams/writable:510:10)\n    at Console.log (/home/user/GitHub/AIOT/be/node_modules/winston/lib/winston/transports/console.js:87:23)\n    at Console._write (/home/user/GitHub/AIOT/be/node_modules/winston-transport/modern.js:103:17)\n    at doWrite (/home/user/GitHub/AIOT/be/node_modules/readable-stream/lib/_stream_writable.js:390:139)\n    at writeOrBuffer (/home/user/GitHub/AIOT/be/node_modules/readable-stream/lib/_stream_writable.js:381:5)\n    at Writable.write (/home/user/GitHub/AIOT/be/node_modules/readable-stream/lib/_stream_writable.js:302:11)","exception":true,"date":"Wed Jul 23 2025 13:56:51 GMT+0800 (Taiwan Standard Time)","process":{"pid":86623,"uid":1000,"gid":1000,"cwd":"/home/user/GitHub/AIOT/be","execPath":"/home/user/.nvm/versions/node/v22.17.0/bin/node","version":"v22.17.0","argv":["/home/user/.nvm/versions/node/v22.17.0/bin/node","/home/user/GitHub/AIOT/be/src/server.ts","./src/server.ts"],"memoryUsage":{"rss":160817152,"heapTotal":69705728,"heapUsed":39205376,"external":6150324,"arrayBuffers":191375}},"os":{"loadavg":[0.35,0.29,0.27],"uptime":15425.05},"trace":[{"column":3,"file":"node:fs","function":"writeSync","line":923,"method":null,"native":false},{"column":5,"file":"node:internal/fs/sync_write_stream","function":"SyncWriteStream._write","line":27,"method":"_write","native":false},{"column":12,"file":"node:internal/streams/writable","function":"writeOrBuffer","line":572,"method":null,"native":false},{"column":10,"file":"node:internal/streams/writable","function":"_write","line":501,"method":null,"native":false},{"column":10,"file":"node:internal/streams/writable","function":"Writable.write","line":510,"method":"write","native":false},{"column":23,"file":"/home/user/GitHub/AIOT/be/node_modules/winston/lib/winston/transports/console.js","function":"Console.log","line":87,"method":"log","native":false},{"column":17,"file":"/home/user/GitHub/AIOT/be/node_modules/winston-transport/modern.js","function":"Console._write","line":103,"method":"_write","native":false},{"column":139,"file":"/home/user/GitHub/AIOT/be/node_modules/readable-stream/lib/_stream_writable.js","function":"doWrite","line":390,"method":null,"native":false},{"column":5,"file":"/home/user/GitHub/AIOT/be/node_modules/readable-stream/lib/_stream_writable.js","function":"writeOrBuffer","line":381,"method":null,"native":false},{"column":11,"file":"/home/user/GitHub/AIOT/be/node_modules/readable-stream/lib/_stream_writable.js","function":"Writable.write","line":302,"method":"write","native":false}]}
2025-07-24 12:28:59.927 [AIOT-BE] ERROR: uncaughtException: JwtStrategy requires a secret or key
TypeError: JwtStrategy requires a secret or key
    at new JwtStrategy (/app/be/node_modules/passport-jwt/lib/strategy.js:45:15)
    at setupPassportJWT (/app/be/src/configs/authConfig.ts:59:16)
    at App.setupPassport (/app/be/src/app.ts:170:5)
    at App (/app/be/src/app.ts:109:10)
    at Server (/app/be/src/server.ts:85:16)
    at <anonymous> (/app/be/src/server.ts:274:16)
    at ModuleJob.run (node:internal/modules/esm/module_job:195:25)
    at async ModuleLoader.import (node:internal/modules/esm/loader:337:24)
    at async loadESM (node:internal/process/esm_loader:34:7)
    at async handleMainPromise (node:internal/modules/run_main:106:12) {"error":{},"stack":"TypeError: JwtStrategy requires a secret or key\n    at new JwtStrategy (/app/be/node_modules/passport-jwt/lib/strategy.js:45:15)\n    at setupPassportJWT (/app/be/src/configs/authConfig.ts:59:16)\n    at App.setupPassport (/app/be/src/app.ts:170:5)\n    at App (/app/be/src/app.ts:109:10)\n    at Server (/app/be/src/server.ts:85:16)\n    at <anonymous> (/app/be/src/server.ts:274:16)\n    at ModuleJob.run (node:internal/modules/esm/module_job:195:25)\n    at async ModuleLoader.import (node:internal/modules/esm/loader:337:24)\n    at async loadESM (node:internal/process/esm_loader:34:7)\n    at async handleMainPromise (node:internal/modules/run_main:106:12)","exception":true,"date":"Thu Jul 24 2025 12:28:59 GMT+0000 (Coordinated Universal Time)","process":{"pid":76,"uid":0,"gid":0,"cwd":"/app/be","execPath":"/usr/local/bin/node","version":"v18.20.8","argv":["/usr/local/bin/node","/app/be/src/server.ts","./src/server.ts"],"memoryUsage":{"rss":144871424,"heapTotal":67239936,"heapUsed":42158176,"external":4679454,"arrayBuffers":691121}},"os":{"loadavg":[2.55,1.52,0.88],"uptime":3078.31},"trace":[{"column":15,"file":"/app/be/node_modules/passport-jwt/lib/strategy.js","function":"new JwtStrategy","line":45,"method":null,"native":false},{"column":16,"file":"/app/be/src/configs/authConfig.ts","function":"setupPassportJWT","line":59,"method":null,"native":false},{"column":5,"file":"/app/be/src/app.ts","function":"App.setupPassport","line":170,"method":"setupPassport","native":false},{"column":10,"file":"/app/be/src/app.ts","function":"App","line":109,"method":null,"native":false},{"column":16,"file":"/app/be/src/server.ts","function":"Server","line":85,"method":null,"native":false},{"column":16,"file":"/app/be/src/server.ts","function":"<anonymous>","line":274,"method":null,"native":false},{"column":25,"file":"node:internal/modules/esm/module_job","function":"ModuleJob.run","line":195,"method":"run","native":false},{"column":24,"file":"node:internal/modules/esm/loader","function":"async ModuleLoader.import","line":337,"method":"import","native":false},{"column":7,"file":"node:internal/process/esm_loader","function":"async loadESM","line":34,"method":null,"native":false},{"column":12,"file":"node:internal/modules/run_main","function":"async handleMainPromise","line":106,"method":null,"native":false}]}
2025-07-24 12:53:03.151 [AIOT-BE] ERROR: uncaughtException: JwtStrategy requires a secret or key
TypeError: JwtStrategy requires a secret or key
    at new JwtStrategy (/app/be/node_modules/passport-jwt/lib/strategy.js:45:15)
    at setupPassportJWT (/app/be/src/configs/authConfig.ts:59:16)
    at App.setupPassport (/app/be/src/app.ts:170:5)
    at App (/app/be/src/app.ts:109:10)
    at Server (/app/be/src/server.ts:85:16)
    at <anonymous> (/app/be/src/server.ts:274:16)
    at ModuleJob.run (node:internal/modules/esm/module_job:195:25)
    at async ModuleLoader.import (node:internal/modules/esm/loader:337:24)
    at async loadESM (node:internal/process/esm_loader:34:7)
    at async handleMainPromise (node:internal/modules/run_main:106:12) {"error":{},"stack":"TypeError: JwtStrategy requires a secret or key\n    at new JwtStrategy (/app/be/node_modules/passport-jwt/lib/strategy.js:45:15)\n    at setupPassportJWT (/app/be/src/configs/authConfig.ts:59:16)\n    at App.setupPassport (/app/be/src/app.ts:170:5)\n    at App (/app/be/src/app.ts:109:10)\n    at Server (/app/be/src/server.ts:85:16)\n    at <anonymous> (/app/be/src/server.ts:274:16)\n    at ModuleJob.run (node:internal/modules/esm/module_job:195:25)\n    at async ModuleLoader.import (node:internal/modules/esm/loader:337:24)\n    at async loadESM (node:internal/process/esm_loader:34:7)\n    at async handleMainPromise (node:internal/modules/run_main:106:12)","exception":true,"date":"Thu Jul 24 2025 12:53:03 GMT+0000 (Coordinated Universal Time)","process":{"pid":68,"uid":0,"gid":0,"cwd":"/app/be","execPath":"/usr/local/bin/node","version":"v18.20.8","argv":["/usr/local/bin/node","/app/be/src/server.ts","./src/server.ts"],"memoryUsage":{"rss":127340544,"heapTotal":66977792,"heapUsed":41752136,"external":4659365,"arrayBuffers":671032}},"os":{"loadavg":[3.63,1.12,0.94],"uptime":4541.05},"trace":[{"column":15,"file":"/app/be/node_modules/passport-jwt/lib/strategy.js","function":"new JwtStrategy","line":45,"method":null,"native":false},{"column":16,"file":"/app/be/src/configs/authConfig.ts","function":"setupPassportJWT","line":59,"method":null,"native":false},{"column":5,"file":"/app/be/src/app.ts","function":"App.setupPassport","line":170,"method":"setupPassport","native":false},{"column":10,"file":"/app/be/src/app.ts","function":"App","line":109,"method":null,"native":false},{"column":16,"file":"/app/be/src/server.ts","function":"Server","line":85,"method":null,"native":false},{"column":16,"file":"/app/be/src/server.ts","function":"<anonymous>","line":274,"method":null,"native":false},{"column":25,"file":"node:internal/modules/esm/module_job","function":"ModuleJob.run","line":195,"method":"run","native":false},{"column":24,"file":"node:internal/modules/esm/loader","function":"async ModuleLoader.import","line":337,"method":"import","native":false},{"column":7,"file":"node:internal/process/esm_loader","function":"async loadESM","line":34,"method":null,"native":false},{"column":12,"file":"node:internal/modules/run_main","function":"async handleMainPromise","line":106,"method":null,"native":false}]}
2025-07-24 13:28:44.335 [AIOT-BE] ERROR: uncaughtException: JwtStrategy requires a secret or key
TypeError: JwtStrategy requires a secret or key
    at new JwtStrategy (/app/be/node_modules/passport-jwt/lib/strategy.js:45:15)
    at setupPassportJWT (/app/be/src/configs/authConfig.ts:59:16)
    at App.setupPassport (/app/be/src/app.ts:171:5)
    at App (/app/be/src/app.ts:110:10)
    at Server (/app/be/src/server.ts:85:16)
    at <anonymous> (/app/be/src/server.ts:274:16)
    at ModuleJob.run (node:internal/modules/esm/module_job:195:25)
    at async ModuleLoader.import (node:internal/modules/esm/loader:337:24)
    at async loadESM (node:internal/process/esm_loader:34:7)
    at async handleMainPromise (node:internal/modules/run_main:106:12) {"error":{},"stack":"TypeError: JwtStrategy requires a secret or key\n    at new JwtStrategy (/app/be/node_modules/passport-jwt/lib/strategy.js:45:15)\n    at setupPassportJWT (/app/be/src/configs/authConfig.ts:59:16)\n    at App.setupPassport (/app/be/src/app.ts:171:5)\n    at App (/app/be/src/app.ts:110:10)\n    at Server (/app/be/src/server.ts:85:16)\n    at <anonymous> (/app/be/src/server.ts:274:16)\n    at ModuleJob.run (node:internal/modules/esm/module_job:195:25)\n    at async ModuleLoader.import (node:internal/modules/esm/loader:337:24)\n    at async loadESM (node:internal/process/esm_loader:34:7)\n    at async handleMainPromise (node:internal/modules/run_main:106:12)","exception":true,"date":"Thu Jul 24 2025 13:28:44 GMT+0000 (Coordinated Universal Time)","process":{"pid":77,"uid":0,"gid":0,"cwd":"/app/be","execPath":"/usr/local/bin/node","version":"v18.20.8","argv":["/usr/local/bin/node","/app/be/src/server.ts","./src/server.ts"],"memoryUsage":{"rss":144236544,"heapTotal":67407872,"heapUsed":43202336,"external":4978915,"arrayBuffers":990582}},"os":{"loadavg":[1.5,0.86,0.71],"uptime":6698.43},"trace":[{"column":15,"file":"/app/be/node_modules/passport-jwt/lib/strategy.js","function":"new JwtStrategy","line":45,"method":null,"native":false},{"column":16,"file":"/app/be/src/configs/authConfig.ts","function":"setupPassportJWT","line":59,"method":null,"native":false},{"column":5,"file":"/app/be/src/app.ts","function":"App.setupPassport","line":171,"method":"setupPassport","native":false},{"column":10,"file":"/app/be/src/app.ts","function":"App","line":110,"method":null,"native":false},{"column":16,"file":"/app/be/src/server.ts","function":"Server","line":85,"method":null,"native":false},{"column":16,"file":"/app/be/src/server.ts","function":"<anonymous>","line":274,"method":null,"native":false},{"column":25,"file":"node:internal/modules/esm/module_job","function":"ModuleJob.run","line":195,"method":"run","native":false},{"column":24,"file":"node:internal/modules/esm/loader","function":"async ModuleLoader.import","line":337,"method":"import","native":false},{"column":7,"file":"node:internal/process/esm_loader","function":"async loadESM","line":34,"method":null,"native":false},{"column":12,"file":"node:internal/modules/run_main","function":"async handleMainPromise","line":106,"method":null,"native":false}]}
2025-07-26 10:32:30.143 [AIOT-BE] ERROR: uncaughtException: Route.get() requires a callback function but got a [object Undefined]
Error: Route.get() requires a callback function but got a [object Undefined]
    at Route.<computed> [as get] (/app/be/node_modules/express/lib/router/route.js:216:15)
    at proto.<computed> [as get] (/app/be/node_modules/express/lib/router/index.js:521:19)
    at RtkRoutes.setupGetRTKDataRoute (/app/be/src/routes/rtkRoutes.ts:62:17)
    at RtkRoutes.initializeRoutes (/app/be/src/routes/rtkRoutes.ts:43:10)
    at RtkRoutes (/app/be/src/routes/rtkRoutes.ts:36:10)
    at <anonymous> (/app/be/src/routes/rtkRoutes.ts:105:26)
    at ModuleJob.run (node:internal/modules/esm/module_job:195:25)
    at async ModuleLoader.import (node:internal/modules/esm/loader:337:24)
    at async loadESM (node:internal/process/esm_loader:34:7)
    at async handleMainPromise (node:internal/modules/run_main:106:12) {"error":{},"stack":"Error: Route.get() requires a callback function but got a [object Undefined]\n    at Route.<computed> [as get] (/app/be/node_modules/express/lib/router/route.js:216:15)\n    at proto.<computed> [as get] (/app/be/node_modules/express/lib/router/index.js:521:19)\n    at RtkRoutes.setupGetRTKDataRoute (/app/be/src/routes/rtkRoutes.ts:62:17)\n    at RtkRoutes.initializeRoutes (/app/be/src/routes/rtkRoutes.ts:43:10)\n    at RtkRoutes (/app/be/src/routes/rtkRoutes.ts:36:10)\n    at <anonymous> (/app/be/src/routes/rtkRoutes.ts:105:26)\n    at ModuleJob.run (node:internal/modules/esm/module_job:195:25)\n    at async ModuleLoader.import (node:internal/modules/esm/loader:337:24)\n    at async loadESM (node:internal/process/esm_loader:34:7)\n    at async handleMainPromise (node:internal/modules/run_main:106:12)","exception":true,"date":"Sat Jul 26 2025 10:32:30 GMT+0000 (Coordinated Universal Time)","process":{"pid":262,"uid":0,"gid":0,"cwd":"/app/be","execPath":"/usr/local/bin/node","version":"v18.20.8","argv":["/usr/local/bin/node","/app/be/src/server.ts","./src/server.ts"],"memoryUsage":{"rss":129875968,"heapTotal":61755392,"heapUsed":41359088,"external":5324966,"arrayBuffers":1339264}},"os":{"loadavg":[0.89,0.44,0.33],"uptime":3140.19},"trace":[{"column":15,"file":"/app/be/node_modules/express/lib/router/route.js","function":"Route.<computed> [as get]","line":216,"method":"<computed> [as get]","native":false},{"column":19,"file":"/app/be/node_modules/express/lib/router/index.js","function":"proto.<computed> [as get]","line":521,"method":"<computed> [as get]","native":false},{"column":17,"file":"/app/be/src/routes/rtkRoutes.ts","function":"RtkRoutes.setupGetRTKDataRoute","line":62,"method":"setupGetRTKDataRoute","native":false},{"column":10,"file":"/app/be/src/routes/rtkRoutes.ts","function":"RtkRoutes.initializeRoutes","line":43,"method":"initializeRoutes","native":false},{"column":10,"file":"/app/be/src/routes/rtkRoutes.ts","function":"RtkRoutes","line":36,"method":null,"native":false},{"column":26,"file":"/app/be/src/routes/rtkRoutes.ts","function":"<anonymous>","line":105,"method":null,"native":false},{"column":25,"file":"node:internal/modules/esm/module_job","function":"ModuleJob.run","line":195,"method":"run","native":false},{"column":24,"file":"node:internal/modules/esm/loader","function":"async ModuleLoader.import","line":337,"method":"import","native":false},{"column":7,"file":"node:internal/process/esm_loader","function":"async loadESM","line":34,"method":null,"native":false},{"column":12,"file":"node:internal/modules/run_main","function":"async handleMainPromise","line":106,"method":null,"native":false}]}
2025-07-26 10:34:35.837 [AIOT-BE] ERROR: uncaughtException: Route.get() requires a callback function but got a [object Undefined]
Error: Route.get() requires a callback function but got a [object Undefined]
    at Route.<computed> [as get] (/app/be/node_modules/express/lib/router/route.js:216:15)
    at proto.<computed> [as get] (/app/be/node_modules/express/lib/router/index.js:521:19)
    at RtkRoutes.setupGetRTKDataRoute (/app/be/src/routes/rtkRoutes.ts:62:17)
    at RtkRoutes.initializeRoutes (/app/be/src/routes/rtkRoutes.ts:43:10)
    at RtkRoutes (/app/be/src/routes/rtkRoutes.ts:36:10)
    at <anonymous> (/app/be/src/routes/rtkRoutes.ts:105:26)
    at ModuleJob.run (node:internal/modules/esm/module_job:195:25)
    at async ModuleLoader.import (node:internal/modules/esm/loader:337:24)
    at async loadESM (node:internal/process/esm_loader:34:7)
    at async handleMainPromise (node:internal/modules/run_main:106:12) {"error":{},"stack":"Error: Route.get() requires a callback function but got a [object Undefined]\n    at Route.<computed> [as get] (/app/be/node_modules/express/lib/router/route.js:216:15)\n    at proto.<computed> [as get] (/app/be/node_modules/express/lib/router/index.js:521:19)\n    at RtkRoutes.setupGetRTKDataRoute (/app/be/src/routes/rtkRoutes.ts:62:17)\n    at RtkRoutes.initializeRoutes (/app/be/src/routes/rtkRoutes.ts:43:10)\n    at RtkRoutes (/app/be/src/routes/rtkRoutes.ts:36:10)\n    at <anonymous> (/app/be/src/routes/rtkRoutes.ts:105:26)\n    at ModuleJob.run (node:internal/modules/esm/module_job:195:25)\n    at async ModuleLoader.import (node:internal/modules/esm/loader:337:24)\n    at async loadESM (node:internal/process/esm_loader:34:7)\n    at async handleMainPromise (node:internal/modules/run_main:106:12)","exception":true,"date":"Sat Jul 26 2025 10:34:35 GMT+0000 (Coordinated Universal Time)","process":{"pid":525,"uid":0,"gid":0,"cwd":"/app/be","execPath":"/usr/local/bin/node","version":"v18.20.8","argv":["/usr/local/bin/node","/app/be/src/server.ts","./src/server.ts"],"memoryUsage":{"rss":132063232,"heapTotal":62750720,"heapUsed":42067544,"external":5279861,"arrayBuffers":1294159}},"os":{"loadavg":[1.29,0.67,0.42],"uptime":3265.88},"trace":[{"column":15,"file":"/app/be/node_modules/express/lib/router/route.js","function":"Route.<computed> [as get]","line":216,"method":"<computed> [as get]","native":false},{"column":19,"file":"/app/be/node_modules/express/lib/router/index.js","function":"proto.<computed> [as get]","line":521,"method":"<computed> [as get]","native":false},{"column":17,"file":"/app/be/src/routes/rtkRoutes.ts","function":"RtkRoutes.setupGetRTKDataRoute","line":62,"method":"setupGetRTKDataRoute","native":false},{"column":10,"file":"/app/be/src/routes/rtkRoutes.ts","function":"RtkRoutes.initializeRoutes","line":43,"method":"initializeRoutes","native":false},{"column":10,"file":"/app/be/src/routes/rtkRoutes.ts","function":"RtkRoutes","line":36,"method":null,"native":false},{"column":26,"file":"/app/be/src/routes/rtkRoutes.ts","function":"<anonymous>","line":105,"method":null,"native":false},{"column":25,"file":"node:internal/modules/esm/module_job","function":"ModuleJob.run","line":195,"method":"run","native":false},{"column":24,"file":"node:internal/modules/esm/loader","function":"async ModuleLoader.import","line":337,"method":"import","native":false},{"column":7,"file":"node:internal/process/esm_loader","function":"async loadESM","line":34,"method":null,"native":false},{"column":12,"file":"node:internal/modules/run_main","function":"async handleMainPromise","line":106,"method":null,"native":false}]}
2025-07-26 10:34:44.758 [AIOT-BE] ERROR: uncaughtException: Route.get() requires a callback function but got a [object Undefined]
Error: Route.get() requires a callback function but got a [object Undefined]
    at Route.<computed> [as get] (/app/be/node_modules/express/lib/router/route.js:216:15)
    at proto.<computed> [as get] (/app/be/node_modules/express/lib/router/index.js:521:19)
    at RtkRoutes.setupGetRTKDataRoute (/app/be/src/routes/rtkRoutes.ts:62:17)
    at RtkRoutes.initializeRoutes (/app/be/src/routes/rtkRoutes.ts:43:10)
    at RtkRoutes (/app/be/src/routes/rtkRoutes.ts:36:10)
    at <anonymous> (/app/be/src/routes/rtkRoutes.ts:105:26)
    at ModuleJob.run (node:internal/modules/esm/module_job:195:25)
    at async ModuleLoader.import (node:internal/modules/esm/loader:337:24)
    at async loadESM (node:internal/process/esm_loader:34:7)
    at async handleMainPromise (node:internal/modules/run_main:106:12) {"error":{},"stack":"Error: Route.get() requires a callback function but got a [object Undefined]\n    at Route.<computed> [as get] (/app/be/node_modules/express/lib/router/route.js:216:15)\n    at proto.<computed> [as get] (/app/be/node_modules/express/lib/router/index.js:521:19)\n    at RtkRoutes.setupGetRTKDataRoute (/app/be/src/routes/rtkRoutes.ts:62:17)\n    at RtkRoutes.initializeRoutes (/app/be/src/routes/rtkRoutes.ts:43:10)\n    at RtkRoutes (/app/be/src/routes/rtkRoutes.ts:36:10)\n    at <anonymous> (/app/be/src/routes/rtkRoutes.ts:105:26)\n    at ModuleJob.run (node:internal/modules/esm/module_job:195:25)\n    at async ModuleLoader.import (node:internal/modules/esm/loader:337:24)\n    at async loadESM (node:internal/process/esm_loader:34:7)\n    at async handleMainPromise (node:internal/modules/run_main:106:12)","exception":true,"date":"Sat Jul 26 2025 10:34:44 GMT+0000 (Coordinated Universal Time)","process":{"pid":557,"uid":0,"gid":0,"cwd":"/app/be","execPath":"/usr/local/bin/node","version":"v18.20.8","argv":["/usr/local/bin/node","/app/be/src/server.ts","./src/server.ts"],"memoryUsage":{"rss":130732032,"heapTotal":62226432,"heapUsed":41999000,"external":5290687,"arrayBuffers":1304985}},"os":{"loadavg":[1.09,0.65,0.42],"uptime":3274.8},"trace":[{"column":15,"file":"/app/be/node_modules/express/lib/router/route.js","function":"Route.<computed> [as get]","line":216,"method":"<computed> [as get]","native":false},{"column":19,"file":"/app/be/node_modules/express/lib/router/index.js","function":"proto.<computed> [as get]","line":521,"method":"<computed> [as get]","native":false},{"column":17,"file":"/app/be/src/routes/rtkRoutes.ts","function":"RtkRoutes.setupGetRTKDataRoute","line":62,"method":"setupGetRTKDataRoute","native":false},{"column":10,"file":"/app/be/src/routes/rtkRoutes.ts","function":"RtkRoutes.initializeRoutes","line":43,"method":"initializeRoutes","native":false},{"column":10,"file":"/app/be/src/routes/rtkRoutes.ts","function":"RtkRoutes","line":36,"method":null,"native":false},{"column":26,"file":"/app/be/src/routes/rtkRoutes.ts","function":"<anonymous>","line":105,"method":null,"native":false},{"column":25,"file":"node:internal/modules/esm/module_job","function":"ModuleJob.run","line":195,"method":"run","native":false},{"column":24,"file":"node:internal/modules/esm/loader","function":"async ModuleLoader.import","line":337,"method":"import","native":false},{"column":7,"file":"node:internal/process/esm_loader","function":"async loadESM","line":34,"method":null,"native":false},{"column":12,"file":"node:internal/modules/run_main","function":"async handleMainPromise","line":106,"method":null,"native":false}]}
2025-07-26 10:35:00.491 [AIOT-BE] ERROR: uncaughtException: Route.get() requires a callback function but got a [object Undefined]
Error: Route.get() requires a callback function but got a [object Undefined]
    at Route.<computed> [as get] (/app/be/node_modules/express/lib/router/route.js:216:15)
    at proto.<computed> [as get] (/app/be/node_modules/express/lib/router/index.js:521:19)
    at RtkRoutes.setupGetRTKDataRoute (/app/be/src/routes/rtkRoutes.ts:62:17)
    at RtkRoutes.initializeRoutes (/app/be/src/routes/rtkRoutes.ts:43:10)
    at RtkRoutes (/app/be/src/routes/rtkRoutes.ts:36:10)
    at <anonymous> (/app/be/src/routes/rtkRoutes.ts:105:26)
    at ModuleJob.run (node:internal/modules/esm/module_job:195:25)
    at async ModuleLoader.import (node:internal/modules/esm/loader:337:24)
    at async loadESM (node:internal/process/esm_loader:34:7)
    at async handleMainPromise (node:internal/modules/run_main:106:12) {"error":{},"stack":"Error: Route.get() requires a callback function but got a [object Undefined]\n    at Route.<computed> [as get] (/app/be/node_modules/express/lib/router/route.js:216:15)\n    at proto.<computed> [as get] (/app/be/node_modules/express/lib/router/index.js:521:19)\n    at RtkRoutes.setupGetRTKDataRoute (/app/be/src/routes/rtkRoutes.ts:62:17)\n    at RtkRoutes.initializeRoutes (/app/be/src/routes/rtkRoutes.ts:43:10)\n    at RtkRoutes (/app/be/src/routes/rtkRoutes.ts:36:10)\n    at <anonymous> (/app/be/src/routes/rtkRoutes.ts:105:26)\n    at ModuleJob.run (node:internal/modules/esm/module_job:195:25)\n    at async ModuleLoader.import (node:internal/modules/esm/loader:337:24)\n    at async loadESM (node:internal/process/esm_loader:34:7)\n    at async handleMainPromise (node:internal/modules/run_main:106:12)","exception":true,"date":"Sat Jul 26 2025 10:35:00 GMT+0000 (Coordinated Universal Time)","process":{"pid":587,"uid":0,"gid":0,"cwd":"/app/be","execPath":"/usr/local/bin/node","version":"v18.20.8","argv":["/usr/local/bin/node","/app/be/src/server.ts","./src/server.ts"],"memoryUsage":{"rss":131198976,"heapTotal":61755392,"heapUsed":41160552,"external":5279861,"arrayBuffers":1294159}},"os":{"loadavg":[0.85,0.62,0.41],"uptime":3290.54},"trace":[{"column":15,"file":"/app/be/node_modules/express/lib/router/route.js","function":"Route.<computed> [as get]","line":216,"method":"<computed> [as get]","native":false},{"column":19,"file":"/app/be/node_modules/express/lib/router/index.js","function":"proto.<computed> [as get]","line":521,"method":"<computed> [as get]","native":false},{"column":17,"file":"/app/be/src/routes/rtkRoutes.ts","function":"RtkRoutes.setupGetRTKDataRoute","line":62,"method":"setupGetRTKDataRoute","native":false},{"column":10,"file":"/app/be/src/routes/rtkRoutes.ts","function":"RtkRoutes.initializeRoutes","line":43,"method":"initializeRoutes","native":false},{"column":10,"file":"/app/be/src/routes/rtkRoutes.ts","function":"RtkRoutes","line":36,"method":null,"native":false},{"column":26,"file":"/app/be/src/routes/rtkRoutes.ts","function":"<anonymous>","line":105,"method":null,"native":false},{"column":25,"file":"node:internal/modules/esm/module_job","function":"ModuleJob.run","line":195,"method":"run","native":false},{"column":24,"file":"node:internal/modules/esm/loader","function":"async ModuleLoader.import","line":337,"method":"import","native":false},{"column":7,"file":"node:internal/process/esm_loader","function":"async loadESM","line":34,"method":null,"native":false},{"column":12,"file":"node:internal/modules/run_main","function":"async handleMainPromise","line":106,"method":null,"native":false}]}
2025-07-26 13:50:46.360 [AIOT-BE] ERROR: uncaughtException: permissionService is not defined
ReferenceError: permissionService is not defined
    at PermissionController (/app/be/src/controllers/rbac/PermissionController.ts:56:34)
    at RbacRoutes (/app/be/src/routes/rbacRoutes.ts:48:33)
    at <anonymous> (/app/be/src/routes/rbacRoutes.ts:255:27)
    at ModuleJob.run (node:internal/modules/esm/module_job:195:25)
    at async ModuleLoader.import (node:internal/modules/esm/loader:337:24)
    at async loadESM (node:internal/process/esm_loader:34:7)
    at async handleMainPromise (node:internal/modules/run_main:106:12) {"error":{},"stack":"ReferenceError: permissionService is not defined\n    at PermissionController (/app/be/src/controllers/rbac/PermissionController.ts:56:34)\n    at RbacRoutes (/app/be/src/routes/rbacRoutes.ts:48:33)\n    at <anonymous> (/app/be/src/routes/rbacRoutes.ts:255:27)\n    at ModuleJob.run (node:internal/modules/esm/module_job:195:25)\n    at async ModuleLoader.import (node:internal/modules/esm/loader:337:24)\n    at async loadESM (node:internal/process/esm_loader:34:7)\n    at async handleMainPromise (node:internal/modules/run_main:106:12)","exception":true,"date":"Sat Jul 26 2025 13:50:46 GMT+0000 (Coordinated Universal Time)","process":{"pid":1342,"uid":0,"gid":0,"cwd":"/app/be","execPath":"/usr/local/bin/node","version":"v18.20.8","argv":["/usr/local/bin/node","/app/be/src/server.ts","./src/server.ts"],"memoryUsage":{"rss":132673536,"heapTotal":63115264,"heapUsed":44015584,"external":5731698,"arrayBuffers":1745996}},"os":{"loadavg":[0.76,0.62,0.42],"uptime":15035.14},"trace":[{"column":34,"file":"/app/be/src/controllers/rbac/PermissionController.ts","function":"PermissionController","line":56,"method":null,"native":false},{"column":33,"file":"/app/be/src/routes/rbacRoutes.ts","function":"RbacRoutes","line":48,"method":null,"native":false},{"column":27,"file":"/app/be/src/routes/rbacRoutes.ts","function":"<anonymous>","line":255,"method":null,"native":false},{"column":25,"file":"node:internal/modules/esm/module_job","function":"ModuleJob.run","line":195,"method":"run","native":false},{"column":24,"file":"node:internal/modules/esm/loader","function":"async ModuleLoader.import","line":337,"method":"import","native":false},{"column":7,"file":"node:internal/process/esm_loader","function":"async loadESM","line":34,"method":null,"native":false},{"column":12,"file":"node:internal/modules/run_main","function":"async handleMainPromise","line":106,"method":null,"native":false}]}
2025-07-26 14:12:07.733 [AIOT-BE] ERROR: uncaughtException: rtkService is not defined
ReferenceError: rtkService is not defined
    at RTKController (/app/be/src/controllers/RTKController.ts:45:27)
    at <anonymous> (/app/be/src/controllers/RTKController.ts:294:23)
    at ModuleJob.run (node:internal/modules/esm/module_job:195:25)
    at async ModuleLoader.import (node:internal/modules/esm/loader:337:24)
    at async loadESM (node:internal/process/esm_loader:34:7)
    at async handleMainPromise (node:internal/modules/run_main:106:12) {"error":{},"stack":"ReferenceError: rtkService is not defined\n    at RTKController (/app/be/src/controllers/RTKController.ts:45:27)\n    at <anonymous> (/app/be/src/controllers/RTKController.ts:294:23)\n    at ModuleJob.run (node:internal/modules/esm/module_job:195:25)\n    at async ModuleLoader.import (node:internal/modules/esm/loader:337:24)\n    at async loadESM (node:internal/process/esm_loader:34:7)\n    at async handleMainPromise (node:internal/modules/run_main:106:12)","exception":true,"date":"Sat Jul 26 2025 14:12:07 GMT+0000 (Coordinated Universal Time)","process":{"pid":2326,"uid":0,"gid":0,"cwd":"/app/be","execPath":"/usr/local/bin/node","version":"v18.20.8","argv":["/usr/local/bin/node","/app/be/src/server.ts","./src/server.ts"],"memoryUsage":{"rss":129974272,"heapTotal":62017536,"heapUsed":41465880,"external":5324966,"arrayBuffers":1339264}},"os":{"loadavg":[0.25,0.36,0.36],"uptime":16316.24},"trace":[{"column":27,"file":"/app/be/src/controllers/RTKController.ts","function":"RTKController","line":45,"method":null,"native":false},{"column":23,"file":"/app/be/src/controllers/RTKController.ts","function":"<anonymous>","line":294,"method":null,"native":false},{"column":25,"file":"node:internal/modules/esm/module_job","function":"ModuleJob.run","line":195,"method":"run","native":false},{"column":24,"file":"node:internal/modules/esm/loader","function":"async ModuleLoader.import","line":337,"method":"import","native":false},{"column":7,"file":"node:internal/process/esm_loader","function":"async loadESM","line":34,"method":null,"native":false},{"column":12,"file":"node:internal/modules/run_main","function":"async handleMainPromise","line":106,"method":null,"native":false}]}
2025-07-26 14:21:53.198 [AIOT-BE] ERROR: uncaughtException: userRepository is not defined
ReferenceError: userRepository is not defined
    at AuthService (/app/be/src/services/AuthService.ts:145:31)
    at AuthController (/app/be/src/controllers/AuthController.ts:62:24)
    at AuthRoutes (/app/be/src/routes/authRoutes.ts:34:27)
    at <anonymous> (/app/be/src/routes/authRoutes.ts:105:27)
    at ModuleJob.run (node:internal/modules/esm/module_job:195:25)
    at async ModuleLoader.import (node:internal/modules/esm/loader:337:24)
    at async loadESM (node:internal/process/esm_loader:34:7)
    at async handleMainPromise (node:internal/modules/run_main:106:12) {"error":{},"stack":"ReferenceError: userRepository is not defined\n    at AuthService (/app/be/src/services/AuthService.ts:145:31)\n    at AuthController (/app/be/src/controllers/AuthController.ts:62:24)\n    at AuthRoutes (/app/be/src/routes/authRoutes.ts:34:27)\n    at <anonymous> (/app/be/src/routes/authRoutes.ts:105:27)\n    at ModuleJob.run (node:internal/modules/esm/module_job:195:25)\n    at async ModuleLoader.import (node:internal/modules/esm/loader:337:24)\n    at async loadESM (node:internal/process/esm_loader:34:7)\n    at async handleMainPromise (node:internal/modules/run_main:106:12)","exception":true,"date":"Sat Jul 26 2025 14:21:53 GMT+0000 (Coordinated Universal Time)","process":{"pid":3875,"uid":0,"gid":0,"cwd":"/app/be","execPath":"/usr/local/bin/node","version":"v18.20.8","argv":["/usr/local/bin/node","/app/be/src/server.ts","./src/server.ts"],"memoryUsage":{"rss":132161536,"heapTotal":61231104,"heapUsed":41040928,"external":5302575,"arrayBuffers":1316873}},"os":{"loadavg":[0.52,0.59,0.45],"uptime":16901.53},"trace":[{"column":31,"file":"/app/be/src/services/AuthService.ts","function":"AuthService","line":145,"method":null,"native":false},{"column":24,"file":"/app/be/src/controllers/AuthController.ts","function":"AuthController","line":62,"method":null,"native":false},{"column":27,"file":"/app/be/src/routes/authRoutes.ts","function":"AuthRoutes","line":34,"method":null,"native":false},{"column":27,"file":"/app/be/src/routes/authRoutes.ts","function":"<anonymous>","line":105,"method":null,"native":false},{"column":25,"file":"node:internal/modules/esm/module_job","function":"ModuleJob.run","line":195,"method":"run","native":false},{"column":24,"file":"node:internal/modules/esm/loader","function":"async ModuleLoader.import","line":337,"method":"import","native":false},{"column":7,"file":"node:internal/process/esm_loader","function":"async loadESM","line":34,"method":null,"native":false},{"column":12,"file":"node:internal/modules/run_main","function":"async handleMainPromise","line":106,"method":null,"native":false}]}
2025-07-26 14:21:55.356 [AIOT-BE] ERROR: uncaughtException: userRepository is not defined
ReferenceError: userRepository is not defined
    at AuthService (/app/be/src/services/AuthService.ts:145:31)
    at AuthController (/app/be/src/controllers/AuthController.ts:62:24)
    at AuthRoutes (/app/be/src/routes/authRoutes.ts:34:27)
    at <anonymous> (/app/be/src/routes/authRoutes.ts:105:27)
    at ModuleJob.run (node:internal/modules/esm/module_job:195:25)
    at async ModuleLoader.import (node:internal/modules/esm/loader:337:24)
    at async loadESM (node:internal/process/esm_loader:34:7)
    at async handleMainPromise (node:internal/modules/run_main:106:12) {"error":{},"stack":"ReferenceError: userRepository is not defined\n    at AuthService (/app/be/src/services/AuthService.ts:145:31)\n    at AuthController (/app/be/src/controllers/AuthController.ts:62:24)\n    at AuthRoutes (/app/be/src/routes/authRoutes.ts:34:27)\n    at <anonymous> (/app/be/src/routes/authRoutes.ts:105:27)\n    at ModuleJob.run (node:internal/modules/esm/module_job:195:25)\n    at async ModuleLoader.import (node:internal/modules/esm/loader:337:24)\n    at async loadESM (node:internal/process/esm_loader:34:7)\n    at async handleMainPromise (node:internal/modules/run_main:106:12)","exception":true,"date":"Sat Jul 26 2025 14:21:55 GMT+0000 (Coordinated Universal Time)","process":{"pid":3912,"uid":0,"gid":0,"cwd":"/app/be","execPath":"/usr/local/bin/node","version":"v18.20.8","argv":["/usr/local/bin/node","/app/be/src/server.ts","./src/server.ts"],"memoryUsage":{"rss":131751936,"heapTotal":62226432,"heapUsed":41750616,"external":5290431,"arrayBuffers":1304729}},"os":{"loadavg":[0.52,0.59,0.45],"uptime":16903.68},"trace":[{"column":31,"file":"/app/be/src/services/AuthService.ts","function":"AuthService","line":145,"method":null,"native":false},{"column":24,"file":"/app/be/src/controllers/AuthController.ts","function":"AuthController","line":62,"method":null,"native":false},{"column":27,"file":"/app/be/src/routes/authRoutes.ts","function":"AuthRoutes","line":34,"method":null,"native":false},{"column":27,"file":"/app/be/src/routes/authRoutes.ts","function":"<anonymous>","line":105,"method":null,"native":false},{"column":25,"file":"node:internal/modules/esm/module_job","function":"ModuleJob.run","line":195,"method":"run","native":false},{"column":24,"file":"node:internal/modules/esm/loader","function":"async ModuleLoader.import","line":337,"method":"import","native":false},{"column":7,"file":"node:internal/process/esm_loader","function":"async loadESM","line":34,"method":null,"native":false},{"column":12,"file":"node:internal/modules/run_main","function":"async handleMainPromise","line":106,"method":null,"native":false}]}
2025-07-26 14:25:21.840 [AIOT-BE] ERROR: uncaughtException: permissionRepository is not defined
ReferenceError: permissionRepository is not defined
    at RbacInitService (/app/be/src/services/RbacInitService.ts:77:33)
    at InitController (/app/be/src/controllers/InitController.ts:78:28)
    at InitRoutes (/app/be/src/routes/initRoutes.ts:32:27)
    at <anonymous> (/app/be/src/routes/initRoutes.ts:132:27)
    at ModuleJob.run (node:internal/modules/esm/module_job:195:25)
    at async ModuleLoader.import (node:internal/modules/esm/loader:337:24)
    at async loadESM (node:internal/process/esm_loader:34:7)
    at async handleMainPromise (node:internal/modules/run_main:106:12) {"error":{},"stack":"ReferenceError: permissionRepository is not defined\n    at RbacInitService (/app/be/src/services/RbacInitService.ts:77:33)\n    at InitController (/app/be/src/controllers/InitController.ts:78:28)\n    at InitRoutes (/app/be/src/routes/initRoutes.ts:32:27)\n    at <anonymous> (/app/be/src/routes/initRoutes.ts:132:27)\n    at ModuleJob.run (node:internal/modules/esm/module_job:195:25)\n    at async ModuleLoader.import (node:internal/modules/esm/loader:337:24)\n    at async loadESM (node:internal/process/esm_loader:34:7)\n    at async handleMainPromise (node:internal/modules/run_main:106:12)","exception":true,"date":"Sat Jul 26 2025 14:25:21 GMT+0000 (Coordinated Universal Time)","process":{"pid":4212,"uid":0,"gid":0,"cwd":"/app/be","execPath":"/usr/local/bin/node","version":"v18.20.8","argv":["/usr/local/bin/node","/app/be/src/server.ts","./src/server.ts"],"memoryUsage":{"rss":131358720,"heapTotal":62488576,"heapUsed":41781408,"external":5261422,"arrayBuffers":1275720}},"os":{"loadavg":[0.19,0.44,0.42],"uptime":17110.1},"trace":[{"column":33,"file":"/app/be/src/services/RbacInitService.ts","function":"RbacInitService","line":77,"method":null,"native":false},{"column":28,"file":"/app/be/src/controllers/InitController.ts","function":"InitController","line":78,"method":null,"native":false},{"column":27,"file":"/app/be/src/routes/initRoutes.ts","function":"InitRoutes","line":32,"method":null,"native":false},{"column":27,"file":"/app/be/src/routes/initRoutes.ts","function":"<anonymous>","line":132,"method":null,"native":false},{"column":25,"file":"node:internal/modules/esm/module_job","function":"ModuleJob.run","line":195,"method":"run","native":false},{"column":24,"file":"node:internal/modules/esm/loader","function":"async ModuleLoader.import","line":337,"method":"import","native":false},{"column":7,"file":"node:internal/process/esm_loader","function":"async loadESM","line":34,"method":null,"native":false},{"column":12,"file":"node:internal/modules/run_main","function":"async handleMainPromise","line":106,"method":null,"native":false}]}
2025-07-26 14:25:26.438 [AIOT-BE] ERROR: uncaughtException: userRoleRepository is not defined
ReferenceError: userRoleRepository is not defined
    at RbacInitService (/app/be/src/services/RbacInitService.ts:80:31)
    at InitController (/app/be/src/controllers/InitController.ts:78:28)
    at InitRoutes (/app/be/src/routes/initRoutes.ts:32:27)
    at <anonymous> (/app/be/src/routes/initRoutes.ts:132:27)
    at ModuleJob.run (node:internal/modules/esm/module_job:195:25)
    at async ModuleLoader.import (node:internal/modules/esm/loader:337:24)
    at async loadESM (node:internal/process/esm_loader:34:7)
    at async handleMainPromise (node:internal/modules/run_main:106:12) {"error":{},"stack":"ReferenceError: userRoleRepository is not defined\n    at RbacInitService (/app/be/src/services/RbacInitService.ts:80:31)\n    at InitController (/app/be/src/controllers/InitController.ts:78:28)\n    at InitRoutes (/app/be/src/routes/initRoutes.ts:32:27)\n    at <anonymous> (/app/be/src/routes/initRoutes.ts:132:27)\n    at ModuleJob.run (node:internal/modules/esm/module_job:195:25)\n    at async ModuleLoader.import (node:internal/modules/esm/loader:337:24)\n    at async loadESM (node:internal/process/esm_loader:34:7)\n    at async handleMainPromise (node:internal/modules/run_main:106:12)","exception":true,"date":"Sat Jul 26 2025 14:25:26 GMT+0000 (Coordinated Universal Time)","process":{"pid":4245,"uid":0,"gid":0,"cwd":"/app/be","execPath":"/usr/local/bin/node","version":"v18.20.8","argv":["/usr/local/bin/node","/app/be/src/server.ts","./src/server.ts"],"memoryUsage":{"rss":132816896,"heapTotal":62750720,"heapUsed":42165840,"external":5290687,"arrayBuffers":1304985}},"os":{"loadavg":[0.42,0.48,0.44],"uptime":17114.7},"trace":[{"column":31,"file":"/app/be/src/services/RbacInitService.ts","function":"RbacInitService","line":80,"method":null,"native":false},{"column":28,"file":"/app/be/src/controllers/InitController.ts","function":"InitController","line":78,"method":null,"native":false},{"column":27,"file":"/app/be/src/routes/initRoutes.ts","function":"InitRoutes","line":32,"method":null,"native":false},{"column":27,"file":"/app/be/src/routes/initRoutes.ts","function":"<anonymous>","line":132,"method":null,"native":false},{"column":25,"file":"node:internal/modules/esm/module_job","function":"ModuleJob.run","line":195,"method":"run","native":false},{"column":24,"file":"node:internal/modules/esm/loader","function":"async ModuleLoader.import","line":337,"method":"import","native":false},{"column":7,"file":"node:internal/process/esm_loader","function":"async loadESM","line":34,"method":null,"native":false},{"column":12,"file":"node:internal/modules/run_main","function":"async handleMainPromise","line":106,"method":null,"native":false}]}
<<<<<<< HEAD
2025-08-03 12:08:56.005 [AIOT-BE] ERROR: uncaughtException: dssds is not defined
ReferenceError: dssds is not defined
    at <anonymous> (/app/be/src/services/RbacInitService.ts:66:1)
    at ModuleJob.run (node:internal/modules/esm/module_job:195:25)
    at async ModuleLoader.import (node:internal/modules/esm/loader:337:24)
    at async loadESM (node:internal/process/esm_loader:34:7)
    at async handleMainPromise (node:internal/modules/run_main:106:12) {"error":{},"stack":"ReferenceError: dssds is not defined\n    at <anonymous> (/app/be/src/services/RbacInitService.ts:66:1)\n    at ModuleJob.run (node:internal/modules/esm/module_job:195:25)\n    at async ModuleLoader.import (node:internal/modules/esm/loader:337:24)\n    at async loadESM (node:internal/process/esm_loader:34:7)\n    at async handleMainPromise (node:internal/modules/run_main:106:12)","exception":true,"date":"Sun Aug 03 2025 12:08:56 GMT+0000 (Coordinated Universal Time)","process":{"pid":90,"uid":0,"gid":0,"cwd":"/app/be","execPath":"/usr/local/bin/node","version":"v18.20.8","argv":["/usr/local/bin/node","/app/be/src/server.ts","./src/server.ts"],"memoryUsage":{"rss":131448832,"heapTotal":62488576,"heapUsed":41917368,"external":5269358,"arrayBuffers":1283656}},"os":{"loadavg":[1.72,1.41,0.61],"uptime":187.45},"trace":[{"column":1,"file":"/app/be/src/services/RbacInitService.ts","function":"<anonymous>","line":66,"method":null,"native":false},{"column":25,"file":"node:internal/modules/esm/module_job","function":"ModuleJob.run","line":195,"method":"run","native":false},{"column":24,"file":"node:internal/modules/esm/loader","function":"async ModuleLoader.import","line":337,"method":"import","native":false},{"column":7,"file":"node:internal/process/esm_loader","function":"async loadESM","line":34,"method":null,"native":false},{"column":12,"file":"node:internal/modules/run_main","function":"async handleMainPromise","line":106,"method":null,"native":false}]}
=======
2025-07-31 15:35:29.502 [AIOT-BE] ERROR: uncaughtException: InitController is not defined
ReferenceError: InitController is not defined
    at InitRoutes (/app/be/src/routes/initRoutes.ts:31:31)
    at <anonymous> (/app/be/src/routes/initRoutes.ts:131:27)
    at ModuleJob.run (node:internal/modules/esm/module_job:195:25)
    at async ModuleLoader.import (node:internal/modules/esm/loader:337:24)
    at async loadESM (node:internal/process/esm_loader:34:7)
    at async handleMainPromise (node:internal/modules/run_main:106:12) {"error":{},"stack":"ReferenceError: InitController is not defined\n    at InitRoutes (/app/be/src/routes/initRoutes.ts:31:31)\n    at <anonymous> (/app/be/src/routes/initRoutes.ts:131:27)\n    at ModuleJob.run (node:internal/modules/esm/module_job:195:25)\n    at async ModuleLoader.import (node:internal/modules/esm/loader:337:24)\n    at async loadESM (node:internal/process/esm_loader:34:7)\n    at async handleMainPromise (node:internal/modules/run_main:106:12)","exception":true,"date":"Thu Jul 31 2025 15:35:29 GMT+0000 (Coordinated Universal Time)","process":{"pid":80,"uid":0,"gid":0,"cwd":"/app/be","execPath":"/usr/local/bin/node","version":"v18.20.8","argv":["/usr/local/bin/node","/app/be/src/server.ts","./src/server.ts"],"memoryUsage":{"rss":129486848,"heapTotal":61493248,"heapUsed":39468424,"external":4990529,"arrayBuffers":1004827}},"os":{"loadavg":[0.34,0.28,0.25],"uptime":22276.77},"trace":[{"column":31,"file":"/app/be/src/routes/initRoutes.ts","function":"InitRoutes","line":31,"method":null,"native":false},{"column":27,"file":"/app/be/src/routes/initRoutes.ts","function":"<anonymous>","line":131,"method":null,"native":false},{"column":25,"file":"node:internal/modules/esm/module_job","function":"ModuleJob.run","line":195,"method":"run","native":false},{"column":24,"file":"node:internal/modules/esm/loader","function":"async ModuleLoader.import","line":337,"method":"import","native":false},{"column":7,"file":"node:internal/process/esm_loader","function":"async loadESM","line":34,"method":null,"native":false},{"column":12,"file":"node:internal/modules/run_main","function":"async handleMainPromise","line":106,"method":null,"native":false}]}
2025-07-31 15:35:37.658 [AIOT-BE] ERROR: uncaughtException: InitController is not defined
ReferenceError: InitController is not defined
    at InitRoutes (/app/be/src/routes/initRoutes.ts:30:31)
    at <anonymous> (/app/be/src/routes/initRoutes.ts:130:27)
    at ModuleJob.run (node:internal/modules/esm/module_job:195:25)
    at async ModuleLoader.import (node:internal/modules/esm/loader:337:24)
    at async loadESM (node:internal/process/esm_loader:34:7)
    at async handleMainPromise (node:internal/modules/run_main:106:12) {"error":{},"stack":"ReferenceError: InitController is not defined\n    at InitRoutes (/app/be/src/routes/initRoutes.ts:30:31)\n    at <anonymous> (/app/be/src/routes/initRoutes.ts:130:27)\n    at ModuleJob.run (node:internal/modules/esm/module_job:195:25)\n    at async ModuleLoader.import (node:internal/modules/esm/loader:337:24)\n    at async loadESM (node:internal/process/esm_loader:34:7)\n    at async handleMainPromise (node:internal/modules/run_main:106:12)","exception":true,"date":"Thu Jul 31 2025 15:35:37 GMT+0000 (Coordinated Universal Time)","process":{"pid":111,"uid":0,"gid":0,"cwd":"/app/be","execPath":"/usr/local/bin/node","version":"v18.20.8","argv":["/usr/local/bin/node","/app/be/src/server.ts","./src/server.ts"],"memoryUsage":{"rss":131076096,"heapTotal":61493248,"heapUsed":39438512,"external":4998721,"arrayBuffers":1013019}},"os":{"loadavg":[0.36,0.29,0.25],"uptime":22284.93},"trace":[{"column":31,"file":"/app/be/src/routes/initRoutes.ts","function":"InitRoutes","line":30,"method":null,"native":false},{"column":27,"file":"/app/be/src/routes/initRoutes.ts","function":"<anonymous>","line":130,"method":null,"native":false},{"column":25,"file":"node:internal/modules/esm/module_job","function":"ModuleJob.run","line":195,"method":"run","native":false},{"column":24,"file":"node:internal/modules/esm/loader","function":"async ModuleLoader.import","line":337,"method":"import","native":false},{"column":7,"file":"node:internal/process/esm_loader","function":"async loadESM","line":34,"method":null,"native":false},{"column":12,"file":"node:internal/modules/run_main","function":"async handleMainPromise","line":106,"method":null,"native":false}]}
2025-07-31 15:35:42.337 [AIOT-BE] ERROR: uncaughtException: Cannot read properties of undefined (reading 'seedRbacDemo')
TypeError: Cannot read properties of undefined (reading 'seedRbacDemo')
    at InitRoutes.setupRbacDemoRoute (/app/be/src/routes/initRoutes.ts:57:27)
    at InitRoutes.initializeRoutes (/app/be/src/routes/initRoutes.ts:37:10)
    at InitRoutes (/app/be/src/routes/initRoutes.ts:30:10)
    at <anonymous> (/app/be/src/routes/initRoutes.ts:129:27)
    at ModuleJob.run (node:internal/modules/esm/module_job:195:25)
    at async ModuleLoader.import (node:internal/modules/esm/loader:337:24)
    at async loadESM (node:internal/process/esm_loader:34:7)
    at async handleMainPromise (node:internal/modules/run_main:106:12) {"error":{},"stack":"TypeError: Cannot read properties of undefined (reading 'seedRbacDemo')\n    at InitRoutes.setupRbacDemoRoute (/app/be/src/routes/initRoutes.ts:57:27)\n    at InitRoutes.initializeRoutes (/app/be/src/routes/initRoutes.ts:37:10)\n    at InitRoutes (/app/be/src/routes/initRoutes.ts:30:10)\n    at <anonymous> (/app/be/src/routes/initRoutes.ts:129:27)\n    at ModuleJob.run (node:internal/modules/esm/module_job:195:25)\n    at async ModuleLoader.import (node:internal/modules/esm/loader:337:24)\n    at async loadESM (node:internal/process/esm_loader:34:7)\n    at async handleMainPromise (node:internal/modules/run_main:106:12)","exception":true,"date":"Thu Jul 31 2025 15:35:42 GMT+0000 (Coordinated Universal Time)","process":{"pid":142,"uid":0,"gid":0,"cwd":"/app/be","execPath":"/usr/local/bin/node","version":"v18.20.8","argv":["/usr/local/bin/node","/app/be/src/server.ts","./src/server.ts"],"memoryUsage":{"rss":130822144,"heapTotal":61493248,"heapUsed":39454408,"external":5008511,"arrayBuffers":1022809}},"os":{"loadavg":[0.33,0.28,0.25],"uptime":22289.76},"trace":[{"column":27,"file":"/app/be/src/routes/initRoutes.ts","function":"InitRoutes.setupRbacDemoRoute","line":57,"method":"setupRbacDemoRoute","native":false},{"column":10,"file":"/app/be/src/routes/initRoutes.ts","function":"InitRoutes.initializeRoutes","line":37,"method":"initializeRoutes","native":false},{"column":10,"file":"/app/be/src/routes/initRoutes.ts","function":"InitRoutes","line":30,"method":null,"native":false},{"column":27,"file":"/app/be/src/routes/initRoutes.ts","function":"<anonymous>","line":129,"method":null,"native":false},{"column":25,"file":"node:internal/modules/esm/module_job","function":"ModuleJob.run","line":195,"method":"run","native":false},{"column":24,"file":"node:internal/modules/esm/loader","function":"async ModuleLoader.import","line":337,"method":"import","native":false},{"column":7,"file":"node:internal/process/esm_loader","function":"async loadESM","line":34,"method":null,"native":false},{"column":12,"file":"node:internal/modules/run_main","function":"async handleMainPromise","line":106,"method":null,"native":false}]}
>>>>>>> ccd434e1255203f60a7bba2760eedd68bbe21ba2
